[2024-07-02T04:31:52.776+0000] {local_task_job_runner.py:120} INFO - ::group::Pre task execution logs
[2024-07-02T04:31:52.783+0000] {taskinstance.py:2076} INFO - Dependencies all met for dep_context=non-requeueable deps ti=<TaskInstance: data-ingestion.ingest_from_mysql manual__2024-07-02T04:26:12.503928+00:00 [queued]>
[2024-07-02T04:31:52.787+0000] {taskinstance.py:2076} INFO - Dependencies all met for dep_context=requeueable deps ti=<TaskInstance: data-ingestion.ingest_from_mysql manual__2024-07-02T04:26:12.503928+00:00 [queued]>
[2024-07-02T04:31:52.788+0000] {taskinstance.py:2306} INFO - Starting attempt 2 of 2
[2024-07-02T04:31:52.793+0000] {taskinstance.py:2330} INFO - Executing <Task(PythonVirtualenvOperator): ingest_from_mysql> on 2024-07-02 04:26:12.503928+00:00
[2024-07-02T04:31:52.798+0000] {logging_mixin.py:188} WARNING - /home/***/.local/lib/python3.12/site-packages/***/task/task_runner/standard_task_runner.py:61 DeprecationWarning: This process (pid=357) is multi-threaded, use of fork() may lead to deadlocks in the child.
[2024-07-02T04:31:52.799+0000] {standard_task_runner.py:63} INFO - Started process 361 to run task
[2024-07-02T04:31:52.798+0000] {standard_task_runner.py:90} INFO - Running: ['***', 'tasks', 'run', 'data-ingestion', 'ingest_from_mysql', 'manual__2024-07-02T04:26:12.503928+00:00', '--job-id', '20', '--raw', '--subdir', 'DAGS_FOLDER/data-ingestion.py', '--cfg-path', '/tmp/tmph8440ob5']
[2024-07-02T04:31:52.800+0000] {standard_task_runner.py:91} INFO - Job 20: Subtask ingest_from_mysql
[2024-07-02T04:31:52.807+0000] {logging_mixin.py:188} WARNING - /home/***/.local/lib/python3.12/site-packages/***/settings.py:195 DeprecationWarning: The sql_alchemy_conn option in [core] has been moved to the sql_alchemy_conn option in [database] - the old setting has been used, but please update your config.
[2024-07-02T04:31:52.822+0000] {task_command.py:426} INFO - Running <TaskInstance: data-ingestion.ingest_from_mysql manual__2024-07-02T04:26:12.503928+00:00 [running]> on host ***-scheduler
[2024-07-02T04:31:52.853+0000] {taskinstance.py:2648} INFO - Exporting env vars: AIRFLOW_CTX_DAG_OWNER='***' AIRFLOW_CTX_DAG_ID='data-ingestion' AIRFLOW_CTX_TASK_ID='ingest_from_mysql' AIRFLOW_CTX_EXECUTION_DATE='2024-07-02T04:26:12.503928+00:00' AIRFLOW_CTX_TRY_NUMBER='2' AIRFLOW_CTX_DAG_RUN_ID='manual__2024-07-02T04:26:12.503928+00:00'
[2024-07-02T04:31:53.053+0000] {taskinstance.py:430} INFO - ::endgroup::
[2024-07-02T04:31:53.054+0000] {baseoperator.py:400} WARNING - PythonVirtualenvOperator.execute cannot be called outside TaskInstance!
[2024-07-02T04:31:53.055+0000] {process_utils.py:183} INFO - Executing cmd: /home/***/.local/bin/python -m virtualenv /tmp/venv0nx633mk --python=python
[2024-07-02T04:31:53.056+0000] {process_utils.py:187} INFO - Output:
[2024-07-02T04:31:53.676+0000] {process_utils.py:191} INFO - created virtual environment CPython3.12.4.final.0-64 in 328ms
[2024-07-02T04:31:53.677+0000] {process_utils.py:191} INFO -   creator CPython3Posix(dest=/tmp/venv0nx633mk, clear=False, no_vcs_ignore=False, global=False)
[2024-07-02T04:31:53.678+0000] {process_utils.py:191} INFO -   seeder FromAppData(download=False, pip=bundle, via=copy, app_data_dir=/home/***/.local/share/virtualenv)
[2024-07-02T04:31:53.678+0000] {process_utils.py:191} INFO -     added seed packages: pip==24.0
[2024-07-02T04:31:53.679+0000] {process_utils.py:191} INFO -   activators BashActivator,CShellActivator,FishActivator,NushellActivator,PowerShellActivator,PythonActivator
[2024-07-02T04:31:53.690+0000] {process_utils.py:183} INFO - Executing cmd: /tmp/venv0nx633mk/bin/pip install -r /tmp/venv0nx633mk/requirements.txt
[2024-07-02T04:31:53.690+0000] {process_utils.py:187} INFO - Output:
[2024-07-02T04:31:54.897+0000] {process_utils.py:191} INFO - Collecting acryl-datahub[mysql] (from -r /tmp/venv0nx633mk/requirements.txt (line 1))
[2024-07-02T04:31:54.898+0000] {process_utils.py:191} INFO -   Using cached acryl_datahub-0.13.3-py3-none-any.whl.metadata (157 kB)
[2024-07-02T04:31:55.797+0000] {process_utils.py:191} INFO - Collecting termcolor>=1.0.0 (from acryl-datahub[mysql]->-r /tmp/venv0nx633mk/requirements.txt (line 1))
[2024-07-02T04:31:55.843+0000] {process_utils.py:191} INFO -   Downloading termcolor-2.4.0-py3-none-any.whl.metadata (6.1 kB)
[2024-07-02T04:31:55.870+0000] {process_utils.py:191} INFO - Collecting cached-property (from acryl-datahub[mysql]->-r /tmp/venv0nx633mk/requirements.txt (line 1))
[2024-07-02T04:31:55.873+0000] {process_utils.py:191} INFO -   Using cached cached_property-1.5.2-py2.py3-none-any.whl.metadata (11 kB)
[2024-07-02T04:31:55.901+0000] {process_utils.py:191} INFO - Collecting click>=7.1.2 (from acryl-datahub[mysql]->-r /tmp/venv0nx633mk/requirements.txt (line 1))
[2024-07-02T04:31:55.907+0000] {process_utils.py:191} INFO -   Downloading click-8.1.7-py3-none-any.whl.metadata (3.0 kB)
[2024-07-02T04:31:55.948+0000] {process_utils.py:191} INFO - Collecting jsonschema (from acryl-datahub[mysql]->-r /tmp/venv0nx633mk/requirements.txt (line 1))
[2024-07-02T04:31:55.955+0000] {process_utils.py:191} INFO -   Downloading jsonschema-4.22.0-py3-none-any.whl.metadata (8.2 kB)
[2024-07-02T04:31:55.981+0000] {process_utils.py:191} INFO - Collecting progressbar2 (from acryl-datahub[mysql]->-r /tmp/venv0nx633mk/requirements.txt (line 1))
[2024-07-02T04:31:55.984+0000] {process_utils.py:191} INFO -   Using cached progressbar2-4.4.2-py3-none-any.whl.metadata (17 kB)
[2024-07-02T04:31:56.005+0000] {process_utils.py:191} INFO - Collecting expandvars>=0.6.5 (from acryl-datahub[mysql]->-r /tmp/venv0nx633mk/requirements.txt (line 1))
[2024-07-02T04:31:56.005+0000] {process_utils.py:191} INFO -   Using cached expandvars-0.12.0-py3-none-any.whl.metadata (6.0 kB)
[2024-07-02T04:31:56.023+0000] {process_utils.py:191} INFO - Collecting jsonref (from acryl-datahub[mysql]->-r /tmp/venv0nx633mk/requirements.txt (line 1))
[2024-07-02T04:31:56.023+0000] {process_utils.py:191} INFO -   Using cached jsonref-1.1.0-py3-none-any.whl.metadata (2.7 kB)
[2024-07-02T04:31:56.044+0000] {process_utils.py:191} INFO - Collecting tabulate (from acryl-datahub[mysql]->-r /tmp/venv0nx633mk/requirements.txt (line 1))
[2024-07-02T04:31:56.054+0000] {process_utils.py:191} INFO -   Downloading tabulate-0.9.0-py3-none-any.whl.metadata (34 kB)
[2024-07-02T04:31:56.084+0000] {process_utils.py:191} INFO - Collecting mixpanel>=4.9.0 (from acryl-datahub[mysql]->-r /tmp/venv0nx633mk/requirements.txt (line 1))
[2024-07-02T04:31:56.085+0000] {process_utils.py:191} INFO -   Using cached mixpanel-4.10.1-py2.py3-none-any.whl.metadata (3.0 kB)
[2024-07-02T04:31:56.117+0000] {process_utils.py:191} INFO - Collecting python-dateutil>=2.8.0 (from acryl-datahub[mysql]->-r /tmp/venv0nx633mk/requirements.txt (line 1))
[2024-07-02T04:31:56.123+0000] {process_utils.py:191} INFO -   Downloading python_dateutil-2.9.0.post0-py2.py3-none-any.whl.metadata (8.4 kB)
[2024-07-02T04:31:56.218+0000] {process_utils.py:191} INFO - Collecting ijson (from acryl-datahub[mysql]->-r /tmp/venv0nx633mk/requirements.txt (line 1))
[2024-07-02T04:31:56.224+0000] {process_utils.py:191} INFO -   Downloading ijson-3.3.0-cp312-cp312-manylinux_2_17_aarch64.manylinux2014_aarch64.whl.metadata (21 kB)
[2024-07-02T04:31:56.333+0000] {process_utils.py:191} INFO - Collecting pydantic!=1.10.3,>=1.10.0 (from acryl-datahub[mysql]->-r /tmp/venv0nx633mk/requirements.txt (line 1))
[2024-07-02T04:31:56.338+0000] {process_utils.py:191} INFO -   Using cached pydantic-2.8.0-py3-none-any.whl.metadata (123 kB)
[2024-07-02T04:31:56.592+0000] {process_utils.py:191} INFO - Collecting aiohttp<4 (from acryl-datahub[mysql]->-r /tmp/venv0nx633mk/requirements.txt (line 1))
[2024-07-02T04:31:56.600+0000] {process_utils.py:191} INFO -   Downloading aiohttp-3.9.5-cp312-cp312-manylinux_2_17_aarch64.manylinux2014_aarch64.whl.metadata (7.5 kB)
[2024-07-02T04:31:56.624+0000] {process_utils.py:191} INFO - Collecting humanfriendly (from acryl-datahub[mysql]->-r /tmp/venv0nx633mk/requirements.txt (line 1))
[2024-07-02T04:31:56.625+0000] {process_utils.py:191} INFO -   Using cached humanfriendly-10.0-py2.py3-none-any.whl.metadata (9.2 kB)
[2024-07-02T04:31:56.639+0000] {process_utils.py:191} INFO - Collecting click-spinner (from acryl-datahub[mysql]->-r /tmp/venv0nx633mk/requirements.txt (line 1))
[2024-07-02T04:31:56.641+0000] {process_utils.py:191} INFO -   Using cached click_spinner-0.1.10-py2.py3-none-any.whl.metadata (1.5 kB)
[2024-07-02T04:31:56.673+0000] {process_utils.py:191} INFO - Collecting packaging (from acryl-datahub[mysql]->-r /tmp/venv0nx633mk/requirements.txt (line 1))
[2024-07-02T04:31:56.673+0000] {process_utils.py:191} INFO -   Using cached packaging-24.1-py3-none-any.whl.metadata (3.2 kB)
[2024-07-02T04:31:56.692+0000] {process_utils.py:191} INFO - Collecting typing-inspect (from acryl-datahub[mysql]->-r /tmp/venv0nx633mk/requirements.txt (line 1))
[2024-07-02T04:31:56.696+0000] {process_utils.py:191} INFO -   Using cached typing_inspect-0.9.0-py3-none-any.whl.metadata (1.5 kB)
[2024-07-02T04:31:56.734+0000] {process_utils.py:191} INFO - Collecting sentry-sdk (from acryl-datahub[mysql]->-r /tmp/venv0nx633mk/requirements.txt (line 1))
[2024-07-02T04:31:56.735+0000] {process_utils.py:191} INFO -   Using cached sentry_sdk-2.7.1-py2.py3-none-any.whl.metadata (14 kB)
[2024-07-02T04:31:56.748+0000] {process_utils.py:191} INFO - Collecting avro-gen3==0.7.13 (from acryl-datahub[mysql]->-r /tmp/venv0nx633mk/requirements.txt (line 1))
[2024-07-02T04:31:56.748+0000] {process_utils.py:191} INFO -   Using cached avro_gen3-0.7.13-py3-none-any.whl.metadata (8.3 kB)
[2024-07-02T04:31:56.759+0000] {process_utils.py:191} INFO - Collecting avro<1.12,>=1.11.3 (from acryl-datahub[mysql]->-r /tmp/venv0nx633mk/requirements.txt (line 1))
[2024-07-02T04:31:56.760+0000] {process_utils.py:191} INFO -   Using cached avro-1.11.3-py2.py3-none-any.whl
[2024-07-02T04:31:56.802+0000] {process_utils.py:191} INFO - Collecting PyYAML (from acryl-datahub[mysql]->-r /tmp/venv0nx633mk/requirements.txt (line 1))
[2024-07-02T04:31:56.817+0000] {process_utils.py:191} INFO -   Downloading PyYAML-6.0.1-cp312-cp312-manylinux_2_17_aarch64.manylinux2014_aarch64.whl.metadata (2.1 kB)
[2024-07-02T04:31:56.852+0000] {process_utils.py:191} INFO - Collecting Deprecated (from acryl-datahub[mysql]->-r /tmp/venv0nx633mk/requirements.txt (line 1))
[2024-07-02T04:31:56.859+0000] {process_utils.py:191} INFO -   Downloading Deprecated-1.2.14-py2.py3-none-any.whl.metadata (5.4 kB)
[2024-07-02T04:31:56.889+0000] {process_utils.py:191} INFO - Collecting docker (from acryl-datahub[mysql]->-r /tmp/venv0nx633mk/requirements.txt (line 1))
[2024-07-02T04:31:56.897+0000] {process_utils.py:191} INFO -   Downloading docker-7.1.0-py3-none-any.whl.metadata (3.8 kB)
[2024-07-02T04:31:56.914+0000] {process_utils.py:191} INFO - Collecting typing-extensions>=3.7.4.3 (from acryl-datahub[mysql]->-r /tmp/venv0nx633mk/requirements.txt (line 1))
[2024-07-02T04:31:56.915+0000] {process_utils.py:191} INFO -   Using cached typing_extensions-4.12.2-py3-none-any.whl.metadata (3.0 kB)
[2024-07-02T04:31:56.929+0000] {process_utils.py:191} INFO - Collecting toml>=0.10.0 (from acryl-datahub[mysql]->-r /tmp/venv0nx633mk/requirements.txt (line 1))
[2024-07-02T04:31:56.929+0000] {process_utils.py:191} INFO -   Using cached toml-0.10.2-py2.py3-none-any.whl.metadata (7.1 kB)
[2024-07-02T04:31:56.947+0000] {process_utils.py:191} INFO - Collecting requests-file (from acryl-datahub[mysql]->-r /tmp/venv0nx633mk/requirements.txt (line 1))
[2024-07-02T04:31:56.948+0000] {process_utils.py:191} INFO -   Using cached requests_file-2.1.0-py2.py3-none-any.whl.metadata (1.7 kB)
[2024-07-02T04:31:57.048+0000] {process_utils.py:191} INFO - Collecting psutil>=5.8.0 (from acryl-datahub[mysql]->-r /tmp/venv0nx633mk/requirements.txt (line 1))
[2024-07-02T04:31:57.057+0000] {process_utils.py:191} INFO -   Downloading psutil-6.0.0-cp36-abi3-manylinux_2_17_aarch64.manylinux2014_aarch64.whl.metadata (21 kB)
[2024-07-02T04:31:57.163+0000] {process_utils.py:191} INFO - Collecting ruamel.yaml (from acryl-datahub[mysql]->-r /tmp/venv0nx633mk/requirements.txt (line 1))
[2024-07-02T04:31:57.164+0000] {process_utils.py:191} INFO -   Using cached ruamel.yaml-0.18.6-py3-none-any.whl.metadata (23 kB)
[2024-07-02T04:31:57.182+0000] {process_utils.py:191} INFO - Collecting click-default-group (from acryl-datahub[mysql]->-r /tmp/venv0nx633mk/requirements.txt (line 1))
[2024-07-02T04:31:57.183+0000] {process_utils.py:191} INFO -   Using cached click_default_group-1.2.4-py2.py3-none-any.whl.metadata (2.8 kB)
[2024-07-02T04:31:57.341+0000] {process_utils.py:191} INFO - Collecting greenlet (from acryl-datahub[mysql]->-r /tmp/venv0nx633mk/requirements.txt (line 1))
[2024-07-02T04:31:57.388+0000] {process_utils.py:191} INFO -   Downloading greenlet-3.0.3-cp312-cp312-manylinux_2_17_aarch64.manylinux2014_aarch64.whl.metadata (3.8 kB)
[2024-07-02T04:31:57.400+0000] {process_utils.py:191} INFO - Collecting pydantic!=1.10.3,>=1.10.0 (from acryl-datahub[mysql]->-r /tmp/venv0nx633mk/requirements.txt (line 1))
[2024-07-02T04:31:57.401+0000] {process_utils.py:191} INFO -   Using cached pydantic-1.10.17-py3-none-any.whl.metadata (151 kB)
[2024-07-02T04:31:57.486+0000] {process_utils.py:191} INFO - Collecting sqlparse (from acryl-datahub[mysql]->-r /tmp/venv0nx633mk/requirements.txt (line 1))
[2024-07-02T04:31:57.529+0000] {process_utils.py:191} INFO -   Downloading sqlparse-0.5.0-py3-none-any.whl.metadata (3.9 kB)
[2024-07-02T04:31:57.594+0000] {process_utils.py:191} INFO - Collecting traitlets<5.2.2 (from acryl-datahub[mysql]->-r /tmp/venv0nx633mk/requirements.txt (line 1))
[2024-07-02T04:31:57.595+0000] {process_utils.py:191} INFO -   Using cached traitlets-5.2.1.post0-py3-none-any.whl.metadata (10 kB)
[2024-07-02T04:31:57.675+0000] {process_utils.py:191} INFO - Collecting acryl-datahub-classify==0.0.10 (from acryl-datahub[mysql]->-r /tmp/venv0nx633mk/requirements.txt (line 1))
[2024-07-02T04:31:57.676+0000] {process_utils.py:191} INFO -   Using cached acryl_datahub_classify-0.0.10-py3-none-any.whl.metadata (8.0 kB)
[2024-07-02T04:31:57.772+0000] {process_utils.py:191} INFO - Collecting great-expectations<=0.15.50,>=0.15.12 (from acryl-datahub[mysql]->-r /tmp/venv0nx633mk/requirements.txt (line 1))
[2024-07-02T04:31:57.773+0000] {process_utils.py:191} INFO -   Using cached great_expectations-0.15.50-py3-none-any.whl.metadata (10 kB)
[2024-07-02T04:31:58.134+0000] {process_utils.py:191} INFO - Collecting sqlalchemy<2,>=1.4.39 (from acryl-datahub[mysql]->-r /tmp/venv0nx633mk/requirements.txt (line 1))
[2024-07-02T04:31:58.140+0000] {process_utils.py:191} INFO -   Downloading SQLAlchemy-1.4.52-cp312-cp312-manylinux_2_17_aarch64.manylinux2014_aarch64.whl.metadata (10 kB)
[2024-07-02T04:31:58.165+0000] {process_utils.py:191} INFO - Collecting acryl-sqlglot==24.0.1.dev7 (from acryl-sqlglot[rs]==24.0.1.dev7; extra == "mysql"->acryl-datahub[mysql]->-r /tmp/venv0nx633mk/requirements.txt (line 1))
[2024-07-02T04:31:58.166+0000] {process_utils.py:191} INFO -   Using cached acryl_sqlglot-24.0.1.dev7-py3-none-any.whl.metadata (19 kB)
[2024-07-02T04:31:58.256+0000] {process_utils.py:191} INFO - Collecting numpy<2 (from acryl-datahub[mysql]->-r /tmp/venv0nx633mk/requirements.txt (line 1))
[2024-07-02T04:31:58.267+0000] {process_utils.py:191} INFO -   Downloading numpy-1.26.4-cp312-cp312-manylinux_2_17_aarch64.manylinux2014_aarch64.whl.metadata (62 kB)
[2024-07-02T04:31:58.292+0000] {process_utils.py:191} INFO -      ━━━━━━━━━━━━━━━━━━━━━━━━━━━━━━━━━━━━━━━━ 62.3/62.3 kB 2.6 MB/s eta 0:00:00
[2024-07-02T04:31:58.299+0000] {process_utils.py:191} INFO - Requirement already satisfied: pip in /tmp/venv0nx633mk/lib/python3.12/site-packages (from acryl-datahub[mysql]->-r /tmp/venv0nx633mk/requirements.txt (line 1)) (24.0)
[2024-07-02T04:31:58.355+0000] {process_utils.py:191} INFO - Collecting scipy>=1.7.2 (from acryl-datahub[mysql]->-r /tmp/venv0nx633mk/requirements.txt (line 1))
[2024-07-02T04:31:58.356+0000] {process_utils.py:191} INFO -   Using cached scipy-1.14.0-cp312-cp312-manylinux_2_17_aarch64.manylinux2014_aarch64.whl.metadata (113 kB)
[2024-07-02T04:31:58.383+0000] {process_utils.py:191} INFO - Collecting pymysql>=1.0.2 (from acryl-datahub[mysql]->-r /tmp/venv0nx633mk/requirements.txt (line 1))
[2024-07-02T04:31:58.384+0000] {process_utils.py:191} INFO -   Using cached PyMySQL-1.1.1-py3-none-any.whl.metadata (4.4 kB)
[2024-07-02T04:31:58.577+0000] {process_utils.py:191} INFO - Collecting spacy<=3.5.0,>=3.4.1 (from acryl-datahub-classify==0.0.10->acryl-datahub[mysql]->-r /tmp/venv0nx633mk/requirements.txt (line 1))
[2024-07-02T04:31:58.578+0000] {process_utils.py:191} INFO -   Using cached spacy-3.5.0.tar.gz (1.2 MB)
[2024-07-02T04:31:58.725+0000] {process_utils.py:191} INFO -   Installing build dependencies: started
[2024-07-02T04:32:09.253+0000] {process_utils.py:191} INFO -   Installing build dependencies: finished with status 'error'
[2024-07-02T04:32:09.272+0000] {process_utils.py:191} INFO -   error: subprocess-exited-with-error
[2024-07-02T04:32:09.273+0000] {process_utils.py:191} INFO - 
[2024-07-02T04:32:09.273+0000] {process_utils.py:191} INFO -   × pip subprocess to install build dependencies did not run successfully.
[2024-07-02T04:32:09.273+0000] {process_utils.py:191} INFO -   │ exit code: 1
[2024-07-02T04:32:09.273+0000] {process_utils.py:191} INFO -   ╰─> [391 lines of output]
[2024-07-02T04:32:09.274+0000] {process_utils.py:191} INFO -       Collecting setuptools
[2024-07-02T04:32:09.274+0000] {process_utils.py:191} INFO -         Using cached setuptools-70.2.0-py3-none-any.whl.metadata (5.8 kB)
[2024-07-02T04:32:09.274+0000] {process_utils.py:191} INFO -       Collecting cython<3.0,>=0.25
[2024-07-02T04:32:09.274+0000] {process_utils.py:191} INFO -         Using cached Cython-0.29.37-py2.py3-none-any.whl.metadata (3.1 kB)
[2024-07-02T04:32:09.274+0000] {process_utils.py:191} INFO -       Collecting cymem<2.1.0,>=2.0.2
[2024-07-02T04:32:09.275+0000] {process_utils.py:191} INFO -         Using cached cymem-2.0.8-cp312-cp312-manylinux_2_17_aarch64.manylinux2014_aarch64.whl.metadata (8.4 kB)
[2024-07-02T04:32:09.275+0000] {process_utils.py:191} INFO -       Collecting preshed<3.1.0,>=3.0.2
[2024-07-02T04:32:09.275+0000] {process_utils.py:191} INFO -         Using cached preshed-3.0.9-cp312-cp312-manylinux_2_17_aarch64.manylinux2014_aarch64.whl.metadata (2.2 kB)
[2024-07-02T04:32:09.275+0000] {process_utils.py:191} INFO -       Collecting murmurhash<1.1.0,>=0.28.0
[2024-07-02T04:32:09.276+0000] {process_utils.py:191} INFO -         Using cached murmurhash-1.0.10-cp312-cp312-manylinux_2_17_aarch64.manylinux2014_aarch64.whl.metadata (2.0 kB)
[2024-07-02T04:32:09.276+0000] {process_utils.py:191} INFO -       Collecting thinc<8.2.0,>=8.1.0
[2024-07-02T04:32:09.276+0000] {process_utils.py:191} INFO -         Using cached thinc-8.1.12.tar.gz (190 kB)
[2024-07-02T04:32:09.276+0000] {process_utils.py:191} INFO -         Installing build dependencies: started
[2024-07-02T04:32:09.276+0000] {process_utils.py:191} INFO -         Installing build dependencies: finished with status 'done'
[2024-07-02T04:32:09.277+0000] {process_utils.py:191} INFO -         Getting requirements to build wheel: started
[2024-07-02T04:32:09.277+0000] {process_utils.py:191} INFO -         Getting requirements to build wheel: finished with status 'done'
[2024-07-02T04:32:09.277+0000] {process_utils.py:191} INFO -         Preparing metadata (pyproject.toml): started
[2024-07-02T04:32:09.277+0000] {process_utils.py:191} INFO -         Preparing metadata (pyproject.toml): finished with status 'done'
[2024-07-02T04:32:09.277+0000] {process_utils.py:191} INFO -       Collecting numpy>=1.15.0
[2024-07-02T04:32:09.277+0000] {process_utils.py:191} INFO -         Using cached numpy-2.0.0-cp312-cp312-manylinux_2_17_aarch64.manylinux2014_aarch64.whl.metadata (62 kB)
[2024-07-02T04:32:09.278+0000] {process_utils.py:191} INFO -       Collecting blis<0.8.0,>=0.7.8 (from thinc<8.2.0,>=8.1.0)
[2024-07-02T04:32:09.278+0000] {process_utils.py:191} INFO -         Using cached blis-0.7.11-cp312-cp312-manylinux_2_17_aarch64.manylinux2014_aarch64.whl.metadata (7.4 kB)
[2024-07-02T04:32:09.278+0000] {process_utils.py:191} INFO -       Collecting wasabi<1.2.0,>=0.8.1 (from thinc<8.2.0,>=8.1.0)
[2024-07-02T04:32:09.278+0000] {process_utils.py:191} INFO -         Using cached wasabi-1.1.3-py3-none-any.whl.metadata (28 kB)
[2024-07-02T04:32:09.278+0000] {process_utils.py:191} INFO -       Collecting srsly<3.0.0,>=2.4.0 (from thinc<8.2.0,>=8.1.0)
[2024-07-02T04:32:09.279+0000] {process_utils.py:191} INFO -         Using cached srsly-2.4.8-cp312-cp312-manylinux_2_17_aarch64.manylinux2014_aarch64.whl.metadata (20 kB)
[2024-07-02T04:32:09.279+0000] {process_utils.py:191} INFO -       Collecting catalogue<2.1.0,>=2.0.4 (from thinc<8.2.0,>=8.1.0)
[2024-07-02T04:32:09.279+0000] {process_utils.py:191} INFO -         Using cached catalogue-2.0.10-py3-none-any.whl.metadata (14 kB)
[2024-07-02T04:32:09.279+0000] {process_utils.py:191} INFO -       Collecting confection<1.0.0,>=0.0.1 (from thinc<8.2.0,>=8.1.0)
[2024-07-02T04:32:09.279+0000] {process_utils.py:191} INFO -         Using cached confection-0.1.5-py3-none-any.whl.metadata (19 kB)
[2024-07-02T04:32:09.280+0000] {process_utils.py:191} INFO -       Collecting pydantic!=1.8,!=1.8.1,<3.0.0,>=1.7.4 (from thinc<8.2.0,>=8.1.0)
[2024-07-02T04:32:09.280+0000] {process_utils.py:191} INFO -         Using cached pydantic-2.8.0-py3-none-any.whl.metadata (123 kB)
[2024-07-02T04:32:09.280+0000] {process_utils.py:191} INFO -       Collecting packaging>=20.0 (from thinc<8.2.0,>=8.1.0)
[2024-07-02T04:32:09.280+0000] {process_utils.py:191} INFO -         Using cached packaging-24.1-py3-none-any.whl.metadata (3.2 kB)
[2024-07-02T04:32:09.280+0000] {process_utils.py:191} INFO -       Collecting annotated-types>=0.4.0 (from pydantic!=1.8,!=1.8.1,<3.0.0,>=1.7.4->thinc<8.2.0,>=8.1.0)
[2024-07-02T04:32:09.280+0000] {process_utils.py:191} INFO -         Using cached annotated_types-0.7.0-py3-none-any.whl.metadata (15 kB)
[2024-07-02T04:32:09.281+0000] {process_utils.py:191} INFO -       Collecting pydantic-core==2.20.0 (from pydantic!=1.8,!=1.8.1,<3.0.0,>=1.7.4->thinc<8.2.0,>=8.1.0)
[2024-07-02T04:32:09.281+0000] {process_utils.py:191} INFO -         Using cached pydantic_core-2.20.0-cp312-cp312-manylinux_2_17_aarch64.manylinux2014_aarch64.whl.metadata (6.6 kB)
[2024-07-02T04:32:09.281+0000] {process_utils.py:191} INFO -       Collecting typing-extensions>=4.6.1 (from pydantic!=1.8,!=1.8.1,<3.0.0,>=1.7.4->thinc<8.2.0,>=8.1.0)
[2024-07-02T04:32:09.281+0000] {process_utils.py:191} INFO -         Using cached typing_extensions-4.12.2-py3-none-any.whl.metadata (3.0 kB)
[2024-07-02T04:32:09.281+0000] {process_utils.py:191} INFO -       Using cached setuptools-70.2.0-py3-none-any.whl (930 kB)
[2024-07-02T04:32:09.282+0000] {process_utils.py:191} INFO -       Using cached Cython-0.29.37-py2.py3-none-any.whl (989 kB)
[2024-07-02T04:32:09.282+0000] {process_utils.py:191} INFO -       Using cached cymem-2.0.8-cp312-cp312-manylinux_2_17_aarch64.manylinux2014_aarch64.whl (44 kB)
[2024-07-02T04:32:09.282+0000] {process_utils.py:191} INFO -       Using cached preshed-3.0.9-cp312-cp312-manylinux_2_17_aarch64.manylinux2014_aarch64.whl (149 kB)
[2024-07-02T04:32:09.282+0000] {process_utils.py:191} INFO -       Using cached murmurhash-1.0.10-cp312-cp312-manylinux_2_17_aarch64.manylinux2014_aarch64.whl (28 kB)
[2024-07-02T04:32:09.283+0000] {process_utils.py:191} INFO -       Using cached numpy-2.0.0-cp312-cp312-manylinux_2_17_aarch64.manylinux2014_aarch64.whl (13.6 MB)
[2024-07-02T04:32:09.283+0000] {process_utils.py:191} INFO -       Using cached blis-0.7.11-cp312-cp312-manylinux_2_17_aarch64.manylinux2014_aarch64.whl (1.7 MB)
[2024-07-02T04:32:09.283+0000] {process_utils.py:191} INFO -       Using cached catalogue-2.0.10-py3-none-any.whl (17 kB)
[2024-07-02T04:32:09.283+0000] {process_utils.py:191} INFO -       Using cached confection-0.1.5-py3-none-any.whl (35 kB)
[2024-07-02T04:32:09.283+0000] {process_utils.py:191} INFO -       Using cached packaging-24.1-py3-none-any.whl (53 kB)
[2024-07-02T04:32:09.284+0000] {process_utils.py:191} INFO -       Using cached pydantic-2.8.0-py3-none-any.whl (423 kB)
[2024-07-02T04:32:09.284+0000] {process_utils.py:191} INFO -       Using cached pydantic_core-2.20.0-cp312-cp312-manylinux_2_17_aarch64.manylinux2014_aarch64.whl (1.8 MB)
[2024-07-02T04:32:09.284+0000] {process_utils.py:191} INFO -       Using cached srsly-2.4.8-cp312-cp312-manylinux_2_17_aarch64.manylinux2014_aarch64.whl (486 kB)
[2024-07-02T04:32:09.284+0000] {process_utils.py:191} INFO -       Using cached wasabi-1.1.3-py3-none-any.whl (27 kB)
[2024-07-02T04:32:09.284+0000] {process_utils.py:191} INFO -       Using cached annotated_types-0.7.0-py3-none-any.whl (13 kB)
[2024-07-02T04:32:09.285+0000] {process_utils.py:191} INFO -       Using cached typing_extensions-4.12.2-py3-none-any.whl (37 kB)
[2024-07-02T04:32:09.285+0000] {process_utils.py:191} INFO -       Building wheels for collected packages: thinc
[2024-07-02T04:32:09.285+0000] {process_utils.py:191} INFO -         Building wheel for thinc (pyproject.toml): started
[2024-07-02T04:32:09.285+0000] {process_utils.py:191} INFO -         Building wheel for thinc (pyproject.toml): finished with status 'error'
[2024-07-02T04:32:09.285+0000] {process_utils.py:191} INFO -         error: subprocess-exited-with-error
[2024-07-02T04:32:09.285+0000] {process_utils.py:191} INFO - 
[2024-07-02T04:32:09.286+0000] {process_utils.py:191} INFO -         × Building wheel for thinc (pyproject.toml) did not run successfully.
[2024-07-02T04:32:09.286+0000] {process_utils.py:191} INFO -         │ exit code: 1
[2024-07-02T04:32:09.286+0000] {process_utils.py:191} INFO -         ╰─> [318 lines of output]
[2024-07-02T04:32:09.286+0000] {process_utils.py:191} INFO -             Cythonizing sources
[2024-07-02T04:32:09.286+0000] {process_utils.py:191} INFO -             running bdist_wheel
[2024-07-02T04:32:09.287+0000] {process_utils.py:191} INFO -             running build
[2024-07-02T04:32:09.287+0000] {process_utils.py:191} INFO -             running build_py
[2024-07-02T04:32:09.287+0000] {process_utils.py:191} INFO -             creating build
[2024-07-02T04:32:09.287+0000] {process_utils.py:191} INFO -             creating build/lib.linux-aarch64-cpython-312
[2024-07-02T04:32:09.287+0000] {process_utils.py:191} INFO -             creating build/lib.linux-aarch64-cpython-312/thinc
[2024-07-02T04:32:09.287+0000] {process_utils.py:191} INFO -             copying thinc/about.py -> build/lib.linux-aarch64-cpython-312/thinc
[2024-07-02T04:32:09.288+0000] {process_utils.py:191} INFO -             copying thinc/schedules.py -> build/lib.linux-aarch64-cpython-312/thinc
[2024-07-02T04:32:09.288+0000] {process_utils.py:191} INFO -             copying thinc/compat.py -> build/lib.linux-aarch64-cpython-312/thinc
[2024-07-02T04:32:09.288+0000] {process_utils.py:191} INFO -             copying thinc/model.py -> build/lib.linux-aarch64-cpython-312/thinc
[2024-07-02T04:32:09.288+0000] {process_utils.py:191} INFO -             copying thinc/optimizers.py -> build/lib.linux-aarch64-cpython-312/thinc
[2024-07-02T04:32:09.288+0000] {process_utils.py:191} INFO -             copying thinc/initializers.py -> build/lib.linux-aarch64-cpython-312/thinc
[2024-07-02T04:32:09.288+0000] {process_utils.py:191} INFO -             copying thinc/__init__.py -> build/lib.linux-aarch64-cpython-312/thinc
[2024-07-02T04:32:09.289+0000] {process_utils.py:191} INFO -             copying thinc/mypy.py -> build/lib.linux-aarch64-cpython-312/thinc
[2024-07-02T04:32:09.289+0000] {process_utils.py:191} INFO -             copying thinc/config.py -> build/lib.linux-aarch64-cpython-312/thinc
[2024-07-02T04:32:09.289+0000] {process_utils.py:191} INFO -             copying thinc/util.py -> build/lib.linux-aarch64-cpython-312/thinc
[2024-07-02T04:32:09.289+0000] {process_utils.py:191} INFO -             copying thinc/loss.py -> build/lib.linux-aarch64-cpython-312/thinc
[2024-07-02T04:32:09.289+0000] {process_utils.py:191} INFO -             copying thinc/api.py -> build/lib.linux-aarch64-cpython-312/thinc
[2024-07-02T04:32:09.290+0000] {process_utils.py:191} INFO -             copying thinc/types.py -> build/lib.linux-aarch64-cpython-312/thinc
[2024-07-02T04:32:09.290+0000] {process_utils.py:191} INFO -             creating build/lib.linux-aarch64-cpython-312/thinc/shims
[2024-07-02T04:32:09.290+0000] {process_utils.py:191} INFO -             copying thinc/shims/pytorch.py -> build/lib.linux-aarch64-cpython-312/thinc/shims
[2024-07-02T04:32:09.290+0000] {process_utils.py:191} INFO -             copying thinc/shims/torchscript.py -> build/lib.linux-aarch64-cpython-312/thinc/shims
[2024-07-02T04:32:09.290+0000] {process_utils.py:191} INFO -             copying thinc/shims/__init__.py -> build/lib.linux-aarch64-cpython-312/thinc/shims
[2024-07-02T04:32:09.290+0000] {process_utils.py:191} INFO -             copying thinc/shims/mxnet.py -> build/lib.linux-aarch64-cpython-312/thinc/shims
[2024-07-02T04:32:09.291+0000] {process_utils.py:191} INFO -             copying thinc/shims/shim.py -> build/lib.linux-aarch64-cpython-312/thinc/shims
[2024-07-02T04:32:09.291+0000] {process_utils.py:191} INFO -             copying thinc/shims/tensorflow.py -> build/lib.linux-aarch64-cpython-312/thinc/shims
[2024-07-02T04:32:09.291+0000] {process_utils.py:191} INFO -             copying thinc/shims/pytorch_grad_scaler.py -> build/lib.linux-aarch64-cpython-312/thinc/shims
[2024-07-02T04:32:09.291+0000] {process_utils.py:191} INFO -             creating build/lib.linux-aarch64-cpython-312/thinc/tests
[2024-07-02T04:32:09.292+0000] {process_utils.py:191} INFO -             copying thinc/tests/test_serialize.py -> build/lib.linux-aarch64-cpython-312/thinc/tests
[2024-07-02T04:32:09.293+0000] {process_utils.py:191} INFO -             copying thinc/tests/test_examples.py -> build/lib.linux-aarch64-cpython-312/thinc/tests
[2024-07-02T04:32:09.293+0000] {process_utils.py:191} INFO -             copying thinc/tests/test_loss.py -> build/lib.linux-aarch64-cpython-312/thinc/tests
[2024-07-02T04:32:09.294+0000] {process_utils.py:191} INFO -             copying thinc/tests/test_import__all__.py -> build/lib.linux-aarch64-cpython-312/thinc/tests
[2024-07-02T04:32:09.294+0000] {process_utils.py:191} INFO -             copying thinc/tests/test_util.py -> build/lib.linux-aarch64-cpython-312/thinc/tests
[2024-07-02T04:32:09.294+0000] {process_utils.py:191} INFO -             copying thinc/tests/test_initializers.py -> build/lib.linux-aarch64-cpython-312/thinc/tests
[2024-07-02T04:32:09.294+0000] {process_utils.py:191} INFO -             copying thinc/tests/test_types.py -> build/lib.linux-aarch64-cpython-312/thinc/tests
[2024-07-02T04:32:09.294+0000] {process_utils.py:191} INFO -             copying thinc/tests/conftest.py -> build/lib.linux-aarch64-cpython-312/thinc/tests
[2024-07-02T04:32:09.295+0000] {process_utils.py:191} INFO -             copying thinc/tests/__init__.py -> build/lib.linux-aarch64-cpython-312/thinc/tests
[2024-07-02T04:32:09.295+0000] {process_utils.py:191} INFO -             copying thinc/tests/test_indexing.py -> build/lib.linux-aarch64-cpython-312/thinc/tests
[2024-07-02T04:32:09.295+0000] {process_utils.py:191} INFO -             copying thinc/tests/test_optimizers.py -> build/lib.linux-aarch64-cpython-312/thinc/tests
[2024-07-02T04:32:09.295+0000] {process_utils.py:191} INFO -             copying thinc/tests/util.py -> build/lib.linux-aarch64-cpython-312/thinc/tests
[2024-07-02T04:32:09.295+0000] {process_utils.py:191} INFO -             copying thinc/tests/test_schedules.py -> build/lib.linux-aarch64-cpython-312/thinc/tests
[2024-07-02T04:32:09.295+0000] {process_utils.py:191} INFO -             copying thinc/tests/strategies.py -> build/lib.linux-aarch64-cpython-312/thinc/tests
[2024-07-02T04:32:09.296+0000] {process_utils.py:191} INFO -             copying thinc/tests/test_config.py -> build/lib.linux-aarch64-cpython-312/thinc/tests
[2024-07-02T04:32:09.296+0000] {process_utils.py:191} INFO -             creating build/lib.linux-aarch64-cpython-312/thinc/backends
[2024-07-02T04:32:09.296+0000] {process_utils.py:191} INFO -             copying thinc/backends/mps_ops.py -> build/lib.linux-aarch64-cpython-312/thinc/backends
[2024-07-02T04:32:09.296+0000] {process_utils.py:191} INFO -             copying thinc/backends/cupy_ops.py -> build/lib.linux-aarch64-cpython-312/thinc/backends
[2024-07-02T04:32:09.296+0000] {process_utils.py:191} INFO -             copying thinc/backends/_param_server.py -> build/lib.linux-aarch64-cpython-312/thinc/backends
[2024-07-02T04:32:09.297+0000] {process_utils.py:191} INFO -             copying thinc/backends/__init__.py -> build/lib.linux-aarch64-cpython-312/thinc/backends
[2024-07-02T04:32:09.297+0000] {process_utils.py:191} INFO -             copying thinc/backends/_custom_kernels.py -> build/lib.linux-aarch64-cpython-312/thinc/backends
[2024-07-02T04:32:09.297+0000] {process_utils.py:191} INFO -             copying thinc/backends/ops.py -> build/lib.linux-aarch64-cpython-312/thinc/backends
[2024-07-02T04:32:09.297+0000] {process_utils.py:191} INFO -             copying thinc/backends/_cupy_allocators.py -> build/lib.linux-aarch64-cpython-312/thinc/backends
[2024-07-02T04:32:09.297+0000] {process_utils.py:191} INFO -             creating build/lib.linux-aarch64-cpython-312/thinc/layers
[2024-07-02T04:32:09.297+0000] {process_utils.py:191} INFO -             copying thinc/layers/gelu.py -> build/lib.linux-aarch64-cpython-312/thinc/layers
[2024-07-02T04:32:09.298+0000] {process_utils.py:191} INFO -             copying thinc/layers/parametricattention.py -> build/lib.linux-aarch64-cpython-312/thinc/layers
[2024-07-02T04:32:09.298+0000] {process_utils.py:191} INFO -             copying thinc/layers/with_flatten.py -> build/lib.linux-aarch64-cpython-312/thinc/layers
[2024-07-02T04:32:09.298+0000] {process_utils.py:191} INFO -             copying thinc/layers/with_reshape.py -> build/lib.linux-aarch64-cpython-312/thinc/layers
[2024-07-02T04:32:09.298+0000] {process_utils.py:191} INFO -             copying thinc/layers/list2array.py -> build/lib.linux-aarch64-cpython-312/thinc/layers
[2024-07-02T04:32:09.298+0000] {process_utils.py:191} INFO -             copying thinc/layers/bidirectional.py -> build/lib.linux-aarch64-cpython-312/thinc/layers
[2024-07-02T04:32:09.298+0000] {process_utils.py:191} INFO -             copying thinc/layers/with_nvtx_range.py -> build/lib.linux-aarch64-cpython-312/thinc/layers
[2024-07-02T04:32:09.299+0000] {process_utils.py:191} INFO -             copying thinc/layers/softmax_activation.py -> build/lib.linux-aarch64-cpython-312/thinc/layers
[2024-07-02T04:32:09.299+0000] {process_utils.py:191} INFO -             copying thinc/layers/embed.py -> build/lib.linux-aarch64-cpython-312/thinc/layers
[2024-07-02T04:32:09.299+0000] {process_utils.py:191} INFO -             copying thinc/layers/with_debug.py -> build/lib.linux-aarch64-cpython-312/thinc/layers
[2024-07-02T04:32:09.299+0000] {process_utils.py:191} INFO -             copying thinc/layers/with_array2d.py -> build/lib.linux-aarch64-cpython-312/thinc/layers
[2024-07-02T04:32:09.299+0000] {process_utils.py:191} INFO -             copying thinc/layers/expand_window.py -> build/lib.linux-aarch64-cpython-312/thinc/layers
[2024-07-02T04:32:09.300+0000] {process_utils.py:191} INFO -             copying thinc/layers/noop.py -> build/lib.linux-aarch64-cpython-312/thinc/layers
[2024-07-02T04:32:09.300+0000] {process_utils.py:191} INFO -             copying thinc/layers/ragged2list.py -> build/lib.linux-aarch64-cpython-312/thinc/layers
[2024-07-02T04:32:09.300+0000] {process_utils.py:191} INFO -             copying thinc/layers/layernorm.py -> build/lib.linux-aarch64-cpython-312/thinc/layers
[2024-07-02T04:32:09.300+0000] {process_utils.py:191} INFO -             copying thinc/layers/reduce_sum.py -> build/lib.linux-aarch64-cpython-312/thinc/layers
[2024-07-02T04:32:09.300+0000] {process_utils.py:191} INFO -             copying thinc/layers/reduce_last.py -> build/lib.linux-aarch64-cpython-312/thinc/layers
[2024-07-02T04:32:09.301+0000] {process_utils.py:191} INFO -             copying thinc/layers/dish.py -> build/lib.linux-aarch64-cpython-312/thinc/layers
[2024-07-02T04:32:09.301+0000] {process_utils.py:191} INFO -             copying thinc/layers/logistic.py -> build/lib.linux-aarch64-cpython-312/thinc/layers
[2024-07-02T04:32:09.301+0000] {process_utils.py:191} INFO -             copying thinc/layers/list2ragged.py -> build/lib.linux-aarch64-cpython-312/thinc/layers
[2024-07-02T04:32:09.301+0000] {process_utils.py:191} INFO -             copying thinc/layers/with_array.py -> build/lib.linux-aarch64-cpython-312/thinc/layers
[2024-07-02T04:32:09.301+0000] {process_utils.py:191} INFO -             copying thinc/layers/with_flatten_v2.py -> build/lib.linux-aarch64-cpython-312/thinc/layers
[2024-07-02T04:32:09.302+0000] {process_utils.py:191} INFO -             copying thinc/layers/hard_swish_mobilenet.py -> build/lib.linux-aarch64-cpython-312/thinc/layers
[2024-07-02T04:32:09.302+0000] {process_utils.py:191} INFO -             copying thinc/layers/swish.py -> build/lib.linux-aarch64-cpython-312/thinc/layers
[2024-07-02T04:32:09.302+0000] {process_utils.py:191} INFO -             copying thinc/layers/siamese.py -> build/lib.linux-aarch64-cpython-312/thinc/layers
[2024-07-02T04:32:09.302+0000] {process_utils.py:191} INFO -             copying thinc/layers/with_ragged.py -> build/lib.linux-aarch64-cpython-312/thinc/layers
[2024-07-02T04:32:09.302+0000] {process_utils.py:191} INFO -             copying thinc/layers/relu.py -> build/lib.linux-aarch64-cpython-312/thinc/layers
[2024-07-02T04:32:09.302+0000] {process_utils.py:191} INFO -             copying thinc/layers/__init__.py -> build/lib.linux-aarch64-cpython-312/thinc/layers
[2024-07-02T04:32:09.303+0000] {process_utils.py:191} INFO -             copying thinc/layers/reduce_max.py -> build/lib.linux-aarch64-cpython-312/thinc/layers
[2024-07-02T04:32:09.303+0000] {process_utils.py:191} INFO -             copying thinc/layers/padded2list.py -> build/lib.linux-aarch64-cpython-312/thinc/layers
[2024-07-02T04:32:09.303+0000] {process_utils.py:191} INFO -             copying thinc/layers/multisoftmax.py -> build/lib.linux-aarch64-cpython-312/thinc/layers
[2024-07-02T04:32:09.303+0000] {process_utils.py:191} INFO -             copying thinc/layers/with_cpu.py -> build/lib.linux-aarch64-cpython-312/thinc/layers
[2024-07-02T04:32:09.304+0000] {process_utils.py:191} INFO -             copying thinc/layers/sigmoid_activation.py -> build/lib.linux-aarch64-cpython-312/thinc/layers
[2024-07-02T04:32:09.304+0000] {process_utils.py:191} INFO -             copying thinc/layers/dropout.py -> build/lib.linux-aarch64-cpython-312/thinc/layers
[2024-07-02T04:32:09.304+0000] {process_utils.py:191} INFO -             copying thinc/layers/torchscriptwrapper.py -> build/lib.linux-aarch64-cpython-312/thinc/layers
[2024-07-02T04:32:09.304+0000] {process_utils.py:191} INFO -             copying thinc/layers/lstm.py -> build/lib.linux-aarch64-cpython-312/thinc/layers
[2024-07-02T04:32:09.305+0000] {process_utils.py:191} INFO -             copying thinc/layers/clone.py -> build/lib.linux-aarch64-cpython-312/thinc/layers
[2024-07-02T04:32:09.305+0000] {process_utils.py:191} INFO -             copying thinc/layers/uniqued.py -> build/lib.linux-aarch64-cpython-312/thinc/layers
[2024-07-02T04:32:09.305+0000] {process_utils.py:191} INFO -             copying thinc/layers/residual.py -> build/lib.linux-aarch64-cpython-312/thinc/layers
[2024-07-02T04:32:09.305+0000] {process_utils.py:191} INFO -             copying thinc/layers/chain.py -> build/lib.linux-aarch64-cpython-312/thinc/layers
[2024-07-02T04:32:09.306+0000] {process_utils.py:191} INFO -             copying thinc/layers/pytorchwrapper.py -> build/lib.linux-aarch64-cpython-312/thinc/layers
[2024-07-02T04:32:09.306+0000] {process_utils.py:191} INFO -             copying thinc/layers/strings2arrays.py -> build/lib.linux-aarch64-cpython-312/thinc/layers
[2024-07-02T04:32:09.306+0000] {process_utils.py:191} INFO -             copying thinc/layers/sigmoid.py -> build/lib.linux-aarch64-cpython-312/thinc/layers
[2024-07-02T04:32:09.306+0000] {process_utils.py:191} INFO -             copying thinc/layers/reduce_mean.py -> build/lib.linux-aarch64-cpython-312/thinc/layers
[2024-07-02T04:32:09.306+0000] {process_utils.py:191} INFO -             copying thinc/layers/add.py -> build/lib.linux-aarch64-cpython-312/thinc/layers
[2024-07-02T04:32:09.307+0000] {process_utils.py:191} INFO -             copying thinc/layers/array_getitem.py -> build/lib.linux-aarch64-cpython-312/thinc/layers
[2024-07-02T04:32:09.307+0000] {process_utils.py:191} INFO -             copying thinc/layers/map_list.py -> build/lib.linux-aarch64-cpython-312/thinc/layers
[2024-07-02T04:32:09.307+0000] {process_utils.py:191} INFO -             copying thinc/layers/clipped_linear.py -> build/lib.linux-aarch64-cpython-312/thinc/layers
[2024-07-02T04:32:09.307+0000] {process_utils.py:191} INFO -             copying thinc/layers/hard_swish.py -> build/lib.linux-aarch64-cpython-312/thinc/layers
[2024-07-02T04:32:09.308+0000] {process_utils.py:191} INFO -             copying thinc/layers/mxnetwrapper.py -> build/lib.linux-aarch64-cpython-312/thinc/layers
[2024-07-02T04:32:09.308+0000] {process_utils.py:191} INFO -             copying thinc/layers/with_padded.py -> build/lib.linux-aarch64-cpython-312/thinc/layers
[2024-07-02T04:32:09.308+0000] {process_utils.py:191} INFO -             copying thinc/layers/with_getitem.py -> build/lib.linux-aarch64-cpython-312/thinc/layers
[2024-07-02T04:32:09.308+0000] {process_utils.py:191} INFO -             copying thinc/layers/with_list.py -> build/lib.linux-aarch64-cpython-312/thinc/layers
[2024-07-02T04:32:09.308+0000] {process_utils.py:191} INFO -             copying thinc/layers/resizable.py -> build/lib.linux-aarch64-cpython-312/thinc/layers
[2024-07-02T04:32:09.309+0000] {process_utils.py:191} INFO -             copying thinc/layers/concatenate.py -> build/lib.linux-aarch64-cpython-312/thinc/layers
[2024-07-02T04:32:09.309+0000] {process_utils.py:191} INFO -             copying thinc/layers/cauchysimilarity.py -> build/lib.linux-aarch64-cpython-312/thinc/layers
[2024-07-02T04:32:09.309+0000] {process_utils.py:191} INFO -             copying thinc/layers/linear.py -> build/lib.linux-aarch64-cpython-312/thinc/layers
[2024-07-02T04:32:09.309+0000] {process_utils.py:191} INFO -             copying thinc/layers/hashembed.py -> build/lib.linux-aarch64-cpython-312/thinc/layers
[2024-07-02T04:32:09.310+0000] {process_utils.py:191} INFO -             copying thinc/layers/maxout.py -> build/lib.linux-aarch64-cpython-312/thinc/layers
[2024-07-02T04:32:09.310+0000] {process_utils.py:191} INFO -             copying thinc/layers/remap_ids.py -> build/lib.linux-aarch64-cpython-312/thinc/layers
[2024-07-02T04:32:09.310+0000] {process_utils.py:191} INFO -             copying thinc/layers/reduce_first.py -> build/lib.linux-aarch64-cpython-312/thinc/layers
[2024-07-02T04:32:09.310+0000] {process_utils.py:191} INFO -             copying thinc/layers/tuplify.py -> build/lib.linux-aarch64-cpython-312/thinc/layers
[2024-07-02T04:32:09.310+0000] {process_utils.py:191} INFO -             copying thinc/layers/list2padded.py -> build/lib.linux-aarch64-cpython-312/thinc/layers
[2024-07-02T04:32:09.311+0000] {process_utils.py:191} INFO -             copying thinc/layers/with_signpost_interval.py -> build/lib.linux-aarch64-cpython-312/thinc/layers
[2024-07-02T04:32:09.311+0000] {process_utils.py:191} INFO -             copying thinc/layers/mish.py -> build/lib.linux-aarch64-cpython-312/thinc/layers
[2024-07-02T04:32:09.311+0000] {process_utils.py:191} INFO -             copying thinc/layers/softmax.py -> build/lib.linux-aarch64-cpython-312/thinc/layers
[2024-07-02T04:32:09.311+0000] {process_utils.py:191} INFO -             copying thinc/layers/tensorflowwrapper.py -> build/lib.linux-aarch64-cpython-312/thinc/layers
[2024-07-02T04:32:09.312+0000] {process_utils.py:191} INFO -             creating build/lib.linux-aarch64-cpython-312/thinc/extra
[2024-07-02T04:32:09.312+0000] {process_utils.py:191} INFO -             copying thinc/extra/__init__.py -> build/lib.linux-aarch64-cpython-312/thinc/extra
[2024-07-02T04:32:09.312+0000] {process_utils.py:191} INFO -             creating build/lib.linux-aarch64-cpython-312/thinc/tests/shims
[2024-07-02T04:32:09.312+0000] {process_utils.py:191} INFO -             copying thinc/tests/shims/test_pytorch_grad_scaler.py -> build/lib.linux-aarch64-cpython-312/thinc/tests/shims
[2024-07-02T04:32:09.313+0000] {process_utils.py:191} INFO -             copying thinc/tests/shims/__init__.py -> build/lib.linux-aarch64-cpython-312/thinc/tests/shims
[2024-07-02T04:32:09.313+0000] {process_utils.py:191} INFO -             creating build/lib.linux-aarch64-cpython-312/thinc/tests/backends
[2024-07-02T04:32:09.313+0000] {process_utils.py:191} INFO -             copying thinc/tests/backends/test_ops.py -> build/lib.linux-aarch64-cpython-312/thinc/tests/backends
[2024-07-02T04:32:09.313+0000] {process_utils.py:191} INFO -             copying thinc/tests/backends/__init__.py -> build/lib.linux-aarch64-cpython-312/thinc/tests/backends
[2024-07-02T04:32:09.314+0000] {process_utils.py:191} INFO -             copying thinc/tests/backends/test_mem.py -> build/lib.linux-aarch64-cpython-312/thinc/tests/backends
[2024-07-02T04:32:09.314+0000] {process_utils.py:191} INFO -             creating build/lib.linux-aarch64-cpython-312/thinc/tests/model
[2024-07-02T04:32:09.314+0000] {process_utils.py:191} INFO -             copying thinc/tests/model/test_model.py -> build/lib.linux-aarch64-cpython-312/thinc/tests/model
[2024-07-02T04:32:09.314+0000] {process_utils.py:191} INFO -             copying thinc/tests/model/test_validation.py -> build/lib.linux-aarch64-cpython-312/thinc/tests/model
[2024-07-02T04:32:09.315+0000] {process_utils.py:191} INFO -             copying thinc/tests/model/__init__.py -> build/lib.linux-aarch64-cpython-312/thinc/tests/model
[2024-07-02T04:32:09.315+0000] {process_utils.py:191} INFO -             creating build/lib.linux-aarch64-cpython-312/thinc/tests/regression
[2024-07-02T04:32:09.315+0000] {process_utils.py:191} INFO -             copying thinc/tests/regression/test_issue564.py -> build/lib.linux-aarch64-cpython-312/thinc/tests/regression
[2024-07-02T04:32:09.315+0000] {process_utils.py:191} INFO -             copying thinc/tests/regression/__init__.py -> build/lib.linux-aarch64-cpython-312/thinc/tests/regression
[2024-07-02T04:32:09.315+0000] {process_utils.py:191} INFO -             copying thinc/tests/regression/test_issue208.py -> build/lib.linux-aarch64-cpython-312/thinc/tests/regression
[2024-07-02T04:32:09.316+0000] {process_utils.py:191} INFO -             creating build/lib.linux-aarch64-cpython-312/thinc/tests/layers
[2024-07-02T04:32:09.316+0000] {process_utils.py:191} INFO -             copying thinc/tests/layers/test_hash_embed.py -> build/lib.linux-aarch64-cpython-312/thinc/tests/layers
[2024-07-02T04:32:09.316+0000] {process_utils.py:191} INFO -             copying thinc/tests/layers/test_transforms.py -> build/lib.linux-aarch64-cpython-312/thinc/tests/layers
[2024-07-02T04:32:09.316+0000] {process_utils.py:191} INFO -             copying thinc/tests/layers/test_feed_forward.py -> build/lib.linux-aarch64-cpython-312/thinc/tests/layers
[2024-07-02T04:32:09.317+0000] {process_utils.py:191} INFO -             copying thinc/tests/layers/test_layers_api.py -> build/lib.linux-aarch64-cpython-312/thinc/tests/layers
[2024-07-02T04:32:09.317+0000] {process_utils.py:191} INFO -             copying thinc/tests/layers/test_tensorflow_wrapper.py -> build/lib.linux-aarch64-cpython-312/thinc/tests/layers
[2024-07-02T04:32:09.317+0000] {process_utils.py:191} INFO -             copying thinc/tests/layers/test_linear.py -> build/lib.linux-aarch64-cpython-312/thinc/tests/layers
[2024-07-02T04:32:09.317+0000] {process_utils.py:191} INFO -             copying thinc/tests/layers/test_sparse_linear.py -> build/lib.linux-aarch64-cpython-312/thinc/tests/layers
[2024-07-02T04:32:09.318+0000] {process_utils.py:191} INFO -             copying thinc/tests/layers/test_combinators.py -> build/lib.linux-aarch64-cpython-312/thinc/tests/layers
[2024-07-02T04:32:09.318+0000] {process_utils.py:191} INFO -             copying thinc/tests/layers/__init__.py -> build/lib.linux-aarch64-cpython-312/thinc/tests/layers
[2024-07-02T04:32:09.318+0000] {process_utils.py:191} INFO -             copying thinc/tests/layers/test_mxnet_wrapper.py -> build/lib.linux-aarch64-cpython-312/thinc/tests/layers
[2024-07-02T04:32:09.318+0000] {process_utils.py:191} INFO -             copying thinc/tests/layers/test_shim.py -> build/lib.linux-aarch64-cpython-312/thinc/tests/layers
[2024-07-02T04:32:09.319+0000] {process_utils.py:191} INFO -             copying thinc/tests/layers/test_resizable.py -> build/lib.linux-aarch64-cpython-312/thinc/tests/layers
[2024-07-02T04:32:09.319+0000] {process_utils.py:191} INFO -             copying thinc/tests/layers/test_with_debug.py -> build/lib.linux-aarch64-cpython-312/thinc/tests/layers
[2024-07-02T04:32:09.319+0000] {process_utils.py:191} INFO -             copying thinc/tests/layers/test_softmax.py -> build/lib.linux-aarch64-cpython-312/thinc/tests/layers
[2024-07-02T04:32:09.319+0000] {process_utils.py:191} INFO -             copying thinc/tests/layers/test_torchscriptwrapper.py -> build/lib.linux-aarch64-cpython-312/thinc/tests/layers
[2024-07-02T04:32:09.319+0000] {process_utils.py:191} INFO -             copying thinc/tests/layers/test_basic_tagger.py -> build/lib.linux-aarch64-cpython-312/thinc/tests/layers
[2024-07-02T04:32:09.320+0000] {process_utils.py:191} INFO -             copying thinc/tests/layers/test_reduce.py -> build/lib.linux-aarch64-cpython-312/thinc/tests/layers
[2024-07-02T04:32:09.320+0000] {process_utils.py:191} INFO -             copying thinc/tests/layers/test_with_flatten.py -> build/lib.linux-aarch64-cpython-312/thinc/tests/layers
[2024-07-02T04:32:09.320+0000] {process_utils.py:191} INFO -             copying thinc/tests/layers/test_with_transforms.py -> build/lib.linux-aarch64-cpython-312/thinc/tests/layers
[2024-07-02T04:32:09.320+0000] {process_utils.py:191} INFO -             copying thinc/tests/layers/test_uniqued.py -> build/lib.linux-aarch64-cpython-312/thinc/tests/layers
[2024-07-02T04:32:09.321+0000] {process_utils.py:191} INFO -             copying thinc/tests/layers/test_lstm.py -> build/lib.linux-aarch64-cpython-312/thinc/tests/layers
[2024-07-02T04:32:09.321+0000] {process_utils.py:191} INFO -             copying thinc/tests/layers/test_mappers.py -> build/lib.linux-aarch64-cpython-312/thinc/tests/layers
[2024-07-02T04:32:09.321+0000] {process_utils.py:191} INFO -             copying thinc/tests/layers/test_pytorch_wrapper.py -> build/lib.linux-aarch64-cpython-312/thinc/tests/layers
[2024-07-02T04:32:09.321+0000] {process_utils.py:191} INFO -             copying thinc/tests/layers/test_mnist.py -> build/lib.linux-aarch64-cpython-312/thinc/tests/layers
[2024-07-02T04:32:09.321+0000] {process_utils.py:191} INFO -             creating build/lib.linux-aarch64-cpython-312/thinc/tests/mypy
[2024-07-02T04:32:09.321+0000] {process_utils.py:191} INFO -             copying thinc/tests/mypy/__init__.py -> build/lib.linux-aarch64-cpython-312/thinc/tests/mypy
[2024-07-02T04:32:09.322+0000] {process_utils.py:191} INFO -             copying thinc/tests/mypy/test_mypy.py -> build/lib.linux-aarch64-cpython-312/thinc/tests/mypy
[2024-07-02T04:32:09.322+0000] {process_utils.py:191} INFO -             creating build/lib.linux-aarch64-cpython-312/thinc/tests/extra
[2024-07-02T04:32:09.322+0000] {process_utils.py:191} INFO -             copying thinc/tests/extra/__init__.py -> build/lib.linux-aarch64-cpython-312/thinc/tests/extra
[2024-07-02T04:32:09.322+0000] {process_utils.py:191} INFO -             copying thinc/tests/extra/test_beam_search.py -> build/lib.linux-aarch64-cpython-312/thinc/tests/extra
[2024-07-02T04:32:09.322+0000] {process_utils.py:191} INFO -             creating build/lib.linux-aarch64-cpython-312/thinc/tests/regression/issue519
[2024-07-02T04:32:09.322+0000] {process_utils.py:191} INFO -             copying thinc/tests/regression/issue519/test_issue519.py -> build/lib.linux-aarch64-cpython-312/thinc/tests/regression/issue519
[2024-07-02T04:32:09.323+0000] {process_utils.py:191} INFO -             copying thinc/tests/regression/issue519/program.py -> build/lib.linux-aarch64-cpython-312/thinc/tests/regression/issue519
[2024-07-02T04:32:09.323+0000] {process_utils.py:191} INFO -             copying thinc/tests/regression/issue519/__init__.py -> build/lib.linux-aarch64-cpython-312/thinc/tests/regression/issue519
[2024-07-02T04:32:09.323+0000] {process_utils.py:191} INFO -             creating build/lib.linux-aarch64-cpython-312/thinc/tests/mypy/modules
[2024-07-02T04:32:09.323+0000] {process_utils.py:191} INFO -             copying thinc/tests/mypy/modules/success_plugin.py -> build/lib.linux-aarch64-cpython-312/thinc/tests/mypy/modules
[2024-07-02T04:32:09.323+0000] {process_utils.py:191} INFO -             copying thinc/tests/mypy/modules/fail_plugin.py -> build/lib.linux-aarch64-cpython-312/thinc/tests/mypy/modules
[2024-07-02T04:32:09.324+0000] {process_utils.py:191} INFO -             copying thinc/tests/mypy/modules/success_no_plugin.py -> build/lib.linux-aarch64-cpython-312/thinc/tests/mypy/modules
[2024-07-02T04:32:09.324+0000] {process_utils.py:191} INFO -             copying thinc/tests/mypy/modules/__init__.py -> build/lib.linux-aarch64-cpython-312/thinc/tests/mypy/modules
[2024-07-02T04:32:09.324+0000] {process_utils.py:191} INFO -             copying thinc/tests/mypy/modules/fail_no_plugin.py -> build/lib.linux-aarch64-cpython-312/thinc/tests/mypy/modules
[2024-07-02T04:32:09.324+0000] {process_utils.py:191} INFO -             creating build/lib.linux-aarch64-cpython-312/thinc/extra/tests
[2024-07-02T04:32:09.324+0000] {process_utils.py:191} INFO -             copying thinc/extra/tests/__init__.py -> build/lib.linux-aarch64-cpython-312/thinc/extra/tests
[2024-07-02T04:32:09.325+0000] {process_utils.py:191} INFO -             running egg_info
[2024-07-02T04:32:09.325+0000] {process_utils.py:191} INFO -             writing thinc.egg-info/PKG-INFO
[2024-07-02T04:32:09.325+0000] {process_utils.py:191} INFO -             writing dependency_links to thinc.egg-info/dependency_links.txt
[2024-07-02T04:32:09.326+0000] {process_utils.py:191} INFO -             writing entry points to thinc.egg-info/entry_points.txt
[2024-07-02T04:32:09.326+0000] {process_utils.py:191} INFO -             writing requirements to thinc.egg-info/requires.txt
[2024-07-02T04:32:09.326+0000] {process_utils.py:191} INFO -             writing top-level names to thinc.egg-info/top_level.txt
[2024-07-02T04:32:09.327+0000] {process_utils.py:191} INFO -             dependency /tmp/pip-build-env-s6ruaui4/overlay/lib/python3.12/site-packages/numpy/_core/include/numpy/arrayobject.h won't be automatically included in the manifest: the path must be relative
[2024-07-02T04:32:09.327+0000] {process_utils.py:191} INFO -             dependency /tmp/pip-build-env-s6ruaui4/overlay/lib/python3.12/site-packages/numpy/_core/include/numpy/arrayscalars.h won't be automatically included in the manifest: the path must be relative
[2024-07-02T04:32:09.327+0000] {process_utils.py:191} INFO -             dependency /tmp/pip-build-env-s6ruaui4/overlay/lib/python3.12/site-packages/numpy/_core/include/numpy/ndarrayobject.h won't be automatically included in the manifest: the path must be relative
[2024-07-02T04:32:09.327+0000] {process_utils.py:191} INFO -             dependency /tmp/pip-build-env-s6ruaui4/overlay/lib/python3.12/site-packages/numpy/_core/include/numpy/ndarraytypes.h won't be automatically included in the manifest: the path must be relative
[2024-07-02T04:32:09.327+0000] {process_utils.py:191} INFO -             dependency /tmp/pip-build-env-s6ruaui4/overlay/lib/python3.12/site-packages/numpy/_core/include/numpy/ufuncobject.h won't be automatically included in the manifest: the path must be relative
[2024-07-02T04:32:09.328+0000] {process_utils.py:191} INFO -             dependency /usr/local/include/python3.12/Python.h won't be automatically included in the manifest: the path must be relative
[2024-07-02T04:32:09.328+0000] {process_utils.py:191} INFO -             dependency /tmp/pip-build-env-s6ruaui4/overlay/lib/python3.12/site-packages/numpy/_core/include/numpy/arrayobject.h won't be automatically included in the manifest: the path must be relative
[2024-07-02T04:32:09.328+0000] {process_utils.py:191} INFO -             dependency /tmp/pip-build-env-s6ruaui4/overlay/lib/python3.12/site-packages/numpy/_core/include/numpy/arrayscalars.h won't be automatically included in the manifest: the path must be relative
[2024-07-02T04:32:09.328+0000] {process_utils.py:191} INFO -             dependency /tmp/pip-build-env-s6ruaui4/overlay/lib/python3.12/site-packages/numpy/_core/include/numpy/ndarrayobject.h won't be automatically included in the manifest: the path must be relative
[2024-07-02T04:32:09.329+0000] {process_utils.py:191} INFO -             dependency /tmp/pip-build-env-s6ruaui4/overlay/lib/python3.12/site-packages/numpy/_core/include/numpy/ndarraytypes.h won't be automatically included in the manifest: the path must be relative
[2024-07-02T04:32:09.329+0000] {process_utils.py:191} INFO -             dependency /tmp/pip-build-env-s6ruaui4/overlay/lib/python3.12/site-packages/numpy/_core/include/numpy/ufuncobject.h won't be automatically included in the manifest: the path must be relative
[2024-07-02T04:32:09.329+0000] {process_utils.py:191} INFO -             dependency /usr/local/include/python3.12/Python.h won't be automatically included in the manifest: the path must be relative
[2024-07-02T04:32:09.329+0000] {process_utils.py:191} INFO -             reading manifest file 'thinc.egg-info/SOURCES.txt'
[2024-07-02T04:32:09.329+0000] {process_utils.py:191} INFO -             reading manifest template 'MANIFEST.in'
[2024-07-02T04:32:09.329+0000] {process_utils.py:191} INFO -             no previously-included directories found matching 'tmp/'
[2024-07-02T04:32:09.330+0000] {process_utils.py:191} INFO -             adding license file 'LICENSE'
[2024-07-02T04:32:09.330+0000] {process_utils.py:191} INFO -             writing manifest file 'thinc.egg-info/SOURCES.txt'
[2024-07-02T04:32:09.330+0000] {process_utils.py:191} INFO -             /tmp/pip-build-env-s6ruaui4/overlay/lib/python3.12/site-packages/setuptools/command/build_py.py:215: _Warning: Package 'thinc.tests.mypy.configs' is absent from the `packages` configuration.
[2024-07-02T04:32:09.330+0000] {process_utils.py:191} INFO -             !!
[2024-07-02T04:32:09.330+0000] {process_utils.py:191} INFO - 
[2024-07-02T04:32:09.330+0000] {process_utils.py:191} INFO -                     ********************************************************************************
[2024-07-02T04:32:09.331+0000] {process_utils.py:191} INFO -                     ############################
[2024-07-02T04:32:09.331+0000] {process_utils.py:191} INFO -                     # Package would be ignored #
[2024-07-02T04:32:09.331+0000] {process_utils.py:191} INFO -                     ############################
[2024-07-02T04:32:09.331+0000] {process_utils.py:191} INFO -                     Python recognizes 'thinc.tests.mypy.configs' as an importable package[^1],
[2024-07-02T04:32:09.331+0000] {process_utils.py:191} INFO -                     but it is absent from setuptools' `packages` configuration.
[2024-07-02T04:32:09.331+0000] {process_utils.py:191} INFO - 
[2024-07-02T04:32:09.331+0000] {process_utils.py:191} INFO -                     This leads to an ambiguous overall configuration. If you want to distribute this
[2024-07-02T04:32:09.332+0000] {process_utils.py:191} INFO -                     package, please make sure that 'thinc.tests.mypy.configs' is explicitly added
[2024-07-02T04:32:09.332+0000] {process_utils.py:191} INFO -                     to the `packages` configuration field.
[2024-07-02T04:32:09.332+0000] {process_utils.py:191} INFO - 
[2024-07-02T04:32:09.332+0000] {process_utils.py:191} INFO -                     Alternatively, you can also rely on setuptools' discovery methods
[2024-07-02T04:32:09.332+0000] {process_utils.py:191} INFO -                     (for example by using `find_namespace_packages(...)`/`find_namespace:`
[2024-07-02T04:32:09.332+0000] {process_utils.py:191} INFO -                     instead of `find_packages(...)`/`find:`).
[2024-07-02T04:32:09.333+0000] {process_utils.py:191} INFO - 
[2024-07-02T04:32:09.333+0000] {process_utils.py:191} INFO -                     You can read more about "package discovery" on setuptools documentation page:
[2024-07-02T04:32:09.333+0000] {process_utils.py:191} INFO - 
[2024-07-02T04:32:09.333+0000] {process_utils.py:191} INFO -                     - https://setuptools.pypa.io/en/latest/userguide/package_discovery.html
[2024-07-02T04:32:09.333+0000] {process_utils.py:191} INFO - 
[2024-07-02T04:32:09.333+0000] {process_utils.py:191} INFO -                     If you don't want 'thinc.tests.mypy.configs' to be distributed and are
[2024-07-02T04:32:09.334+0000] {process_utils.py:191} INFO -                     already explicitly excluding 'thinc.tests.mypy.configs' via
[2024-07-02T04:32:09.334+0000] {process_utils.py:191} INFO -                     `find_namespace_packages(...)/find_namespace` or `find_packages(...)/find`,
[2024-07-02T04:32:09.334+0000] {process_utils.py:191} INFO -                     you can try to use `exclude_package_data`, or `include-package-data=False` in
[2024-07-02T04:32:09.334+0000] {process_utils.py:191} INFO -                     combination with a more fine grained `package-data` configuration.
[2024-07-02T04:32:09.334+0000] {process_utils.py:191} INFO - 
[2024-07-02T04:32:09.334+0000] {process_utils.py:191} INFO -                     You can read more about "package data files" on setuptools documentation page:
[2024-07-02T04:32:09.334+0000] {process_utils.py:191} INFO - 
[2024-07-02T04:32:09.335+0000] {process_utils.py:191} INFO -                     - https://setuptools.pypa.io/en/latest/userguide/datafiles.html
[2024-07-02T04:32:09.335+0000] {process_utils.py:191} INFO - 
[2024-07-02T04:32:09.335+0000] {process_utils.py:191} INFO - 
[2024-07-02T04:32:09.335+0000] {process_utils.py:191} INFO -                     [^1]: For Python, any directory (with suitable naming) can be imported,
[2024-07-02T04:32:09.335+0000] {process_utils.py:191} INFO -                           even if it does not contain any `.py` files.
[2024-07-02T04:32:09.335+0000] {process_utils.py:191} INFO -                           On the other hand, currently there is no concept of package data
[2024-07-02T04:32:09.336+0000] {process_utils.py:191} INFO -                           directory, all directories are treated like packages.
[2024-07-02T04:32:09.336+0000] {process_utils.py:191} INFO -                     ********************************************************************************
[2024-07-02T04:32:09.336+0000] {process_utils.py:191} INFO - 
[2024-07-02T04:32:09.336+0000] {process_utils.py:191} INFO -             !!
[2024-07-02T04:32:09.336+0000] {process_utils.py:191} INFO -               check.warn(importable)
[2024-07-02T04:32:09.336+0000] {process_utils.py:191} INFO -             /tmp/pip-build-env-s6ruaui4/overlay/lib/python3.12/site-packages/setuptools/command/build_py.py:215: _Warning: Package 'thinc.tests.mypy.outputs' is absent from the `packages` configuration.
[2024-07-02T04:32:09.337+0000] {process_utils.py:191} INFO -             !!
[2024-07-02T04:32:09.337+0000] {process_utils.py:191} INFO - 
[2024-07-02T04:32:09.337+0000] {process_utils.py:191} INFO -                     ********************************************************************************
[2024-07-02T04:32:09.337+0000] {process_utils.py:191} INFO -                     ############################
[2024-07-02T04:32:09.337+0000] {process_utils.py:191} INFO -                     # Package would be ignored #
[2024-07-02T04:32:09.337+0000] {process_utils.py:191} INFO -                     ############################
[2024-07-02T04:32:09.337+0000] {process_utils.py:191} INFO -                     Python recognizes 'thinc.tests.mypy.outputs' as an importable package[^1],
[2024-07-02T04:32:09.338+0000] {process_utils.py:191} INFO -                     but it is absent from setuptools' `packages` configuration.
[2024-07-02T04:32:09.338+0000] {process_utils.py:191} INFO - 
[2024-07-02T04:32:09.338+0000] {process_utils.py:191} INFO -                     This leads to an ambiguous overall configuration. If you want to distribute this
[2024-07-02T04:32:09.338+0000] {process_utils.py:191} INFO -                     package, please make sure that 'thinc.tests.mypy.outputs' is explicitly added
[2024-07-02T04:32:09.338+0000] {process_utils.py:191} INFO -                     to the `packages` configuration field.
[2024-07-02T04:32:09.338+0000] {process_utils.py:191} INFO - 
[2024-07-02T04:32:09.339+0000] {process_utils.py:191} INFO -                     Alternatively, you can also rely on setuptools' discovery methods
[2024-07-02T04:32:09.339+0000] {process_utils.py:191} INFO -                     (for example by using `find_namespace_packages(...)`/`find_namespace:`
[2024-07-02T04:32:09.339+0000] {process_utils.py:191} INFO -                     instead of `find_packages(...)`/`find:`).
[2024-07-02T04:32:09.339+0000] {process_utils.py:191} INFO - 
[2024-07-02T04:32:09.339+0000] {process_utils.py:191} INFO -                     You can read more about "package discovery" on setuptools documentation page:
[2024-07-02T04:32:09.339+0000] {process_utils.py:191} INFO - 
[2024-07-02T04:32:09.339+0000] {process_utils.py:191} INFO -                     - https://setuptools.pypa.io/en/latest/userguide/package_discovery.html
[2024-07-02T04:32:09.340+0000] {process_utils.py:191} INFO - 
[2024-07-02T04:32:09.340+0000] {process_utils.py:191} INFO -                     If you don't want 'thinc.tests.mypy.outputs' to be distributed and are
[2024-07-02T04:32:09.340+0000] {process_utils.py:191} INFO -                     already explicitly excluding 'thinc.tests.mypy.outputs' via
[2024-07-02T04:32:09.340+0000] {process_utils.py:191} INFO -                     `find_namespace_packages(...)/find_namespace` or `find_packages(...)/find`,
[2024-07-02T04:32:09.340+0000] {process_utils.py:191} INFO -                     you can try to use `exclude_package_data`, or `include-package-data=False` in
[2024-07-02T04:32:09.340+0000] {process_utils.py:191} INFO -                     combination with a more fine grained `package-data` configuration.
[2024-07-02T04:32:09.341+0000] {process_utils.py:191} INFO - 
[2024-07-02T04:32:09.341+0000] {process_utils.py:191} INFO -                     You can read more about "package data files" on setuptools documentation page:
[2024-07-02T04:32:09.341+0000] {process_utils.py:191} INFO - 
[2024-07-02T04:32:09.341+0000] {process_utils.py:191} INFO -                     - https://setuptools.pypa.io/en/latest/userguide/datafiles.html
[2024-07-02T04:32:09.341+0000] {process_utils.py:191} INFO - 
[2024-07-02T04:32:09.341+0000] {process_utils.py:191} INFO - 
[2024-07-02T04:32:09.341+0000] {process_utils.py:191} INFO -                     [^1]: For Python, any directory (with suitable naming) can be imported,
[2024-07-02T04:32:09.342+0000] {process_utils.py:191} INFO -                           even if it does not contain any `.py` files.
[2024-07-02T04:32:09.342+0000] {process_utils.py:191} INFO -                           On the other hand, currently there is no concept of package data
[2024-07-02T04:32:09.342+0000] {process_utils.py:191} INFO -                           directory, all directories are treated like packages.
[2024-07-02T04:32:09.342+0000] {process_utils.py:191} INFO -                     ********************************************************************************
[2024-07-02T04:32:09.342+0000] {process_utils.py:191} INFO - 
[2024-07-02T04:32:09.342+0000] {process_utils.py:191} INFO -             !!
[2024-07-02T04:32:09.343+0000] {process_utils.py:191} INFO -               check.warn(importable)
[2024-07-02T04:32:09.343+0000] {process_utils.py:191} INFO -             copying thinc/__init__.pxd -> build/lib.linux-aarch64-cpython-312/thinc
[2024-07-02T04:32:09.343+0000] {process_utils.py:191} INFO -             copying thinc/py.typed -> build/lib.linux-aarch64-cpython-312/thinc
[2024-07-02T04:32:09.343+0000] {process_utils.py:191} INFO -             copying thinc/backends/__init__.pxd -> build/lib.linux-aarch64-cpython-312/thinc/backends
[2024-07-02T04:32:09.343+0000] {process_utils.py:191} INFO -             copying thinc/backends/_custom_kernels.cu -> build/lib.linux-aarch64-cpython-312/thinc/backends
[2024-07-02T04:32:09.344+0000] {process_utils.py:191} INFO -             copying thinc/backends/_murmur3.cu -> build/lib.linux-aarch64-cpython-312/thinc/backends
[2024-07-02T04:32:09.344+0000] {process_utils.py:191} INFO -             copying thinc/backends/cblas.pxd -> build/lib.linux-aarch64-cpython-312/thinc/backends
[2024-07-02T04:32:09.344+0000] {process_utils.py:191} INFO -             copying thinc/backends/cblas.pyx -> build/lib.linux-aarch64-cpython-312/thinc/backends
[2024-07-02T04:32:09.345+0000] {process_utils.py:191} INFO -             copying thinc/backends/cpu_kernels.hh -> build/lib.linux-aarch64-cpython-312/thinc/backends
[2024-07-02T04:32:09.345+0000] {process_utils.py:191} INFO -             copying thinc/backends/linalg.pxd -> build/lib.linux-aarch64-cpython-312/thinc/backends
[2024-07-02T04:32:09.345+0000] {process_utils.py:191} INFO -             copying thinc/backends/linalg.pyx -> build/lib.linux-aarch64-cpython-312/thinc/backends
[2024-07-02T04:32:09.345+0000] {process_utils.py:191} INFO -             copying thinc/backends/numpy_ops.pxd -> build/lib.linux-aarch64-cpython-312/thinc/backends
[2024-07-02T04:32:09.345+0000] {process_utils.py:191} INFO -             copying thinc/backends/numpy_ops.pyx -> build/lib.linux-aarch64-cpython-312/thinc/backends
[2024-07-02T04:32:09.346+0000] {process_utils.py:191} INFO -             copying thinc/layers/premap_ids.pyx -> build/lib.linux-aarch64-cpython-312/thinc/layers
[2024-07-02T04:32:09.346+0000] {process_utils.py:191} INFO -             copying thinc/layers/sparselinear.pyx -> build/lib.linux-aarch64-cpython-312/thinc/layers
[2024-07-02T04:32:09.346+0000] {process_utils.py:191} INFO -             copying thinc/extra/__init__.pxd -> build/lib.linux-aarch64-cpython-312/thinc/extra
[2024-07-02T04:32:09.346+0000] {process_utils.py:191} INFO -             copying thinc/extra/search.pxd -> build/lib.linux-aarch64-cpython-312/thinc/extra
[2024-07-02T04:32:09.346+0000] {process_utils.py:191} INFO -             copying thinc/extra/search.pyx -> build/lib.linux-aarch64-cpython-312/thinc/extra
[2024-07-02T04:32:09.346+0000] {process_utils.py:191} INFO -             creating build/lib.linux-aarch64-cpython-312/thinc/tests/mypy/configs
[2024-07-02T04:32:09.347+0000] {process_utils.py:191} INFO -             copying thinc/tests/mypy/configs/mypy-default.ini -> build/lib.linux-aarch64-cpython-312/thinc/tests/mypy/configs
[2024-07-02T04:32:09.347+0000] {process_utils.py:191} INFO -             copying thinc/tests/mypy/configs/mypy-plugin.ini -> build/lib.linux-aarch64-cpython-312/thinc/tests/mypy/configs
[2024-07-02T04:32:09.347+0000] {process_utils.py:191} INFO -             creating build/lib.linux-aarch64-cpython-312/thinc/tests/mypy/outputs
[2024-07-02T04:32:09.347+0000] {process_utils.py:191} INFO -             copying thinc/tests/mypy/outputs/fail-no-plugin.txt -> build/lib.linux-aarch64-cpython-312/thinc/tests/mypy/outputs
[2024-07-02T04:32:09.347+0000] {process_utils.py:191} INFO -             copying thinc/tests/mypy/outputs/fail-plugin.txt -> build/lib.linux-aarch64-cpython-312/thinc/tests/mypy/outputs
[2024-07-02T04:32:09.347+0000] {process_utils.py:191} INFO -             copying thinc/tests/mypy/outputs/success-no-plugin.txt -> build/lib.linux-aarch64-cpython-312/thinc/tests/mypy/outputs
[2024-07-02T04:32:09.348+0000] {process_utils.py:191} INFO -             copying thinc/tests/mypy/outputs/success-plugin.txt -> build/lib.linux-aarch64-cpython-312/thinc/tests/mypy/outputs
[2024-07-02T04:32:09.348+0000] {process_utils.py:191} INFO -             copying thinc/extra/tests/c_test_search.pyx -> build/lib.linux-aarch64-cpython-312/thinc/extra/tests
[2024-07-02T04:32:09.348+0000] {process_utils.py:191} INFO -             running build_ext
[2024-07-02T04:32:09.348+0000] {process_utils.py:191} INFO -             building 'thinc.backends.cblas' extension
[2024-07-02T04:32:09.348+0000] {process_utils.py:191} INFO -             creating build/temp.linux-aarch64-cpython-312
[2024-07-02T04:32:09.348+0000] {process_utils.py:191} INFO -             creating build/temp.linux-aarch64-cpython-312/thinc
[2024-07-02T04:32:09.349+0000] {process_utils.py:191} INFO -             creating build/temp.linux-aarch64-cpython-312/thinc/backends
[2024-07-02T04:32:09.349+0000] {process_utils.py:191} INFO -             gcc -fno-strict-overflow -Wsign-compare -DNDEBUG -g -O3 -Wall -fPIC -I/tmp/pip-build-env-s6ruaui4/overlay/lib/python3.12/site-packages/numpy/_core/include -I/usr/local/include/python3.12 -I/tmp/venv0nx633mk/include -I/usr/local/include/python3.12 -c thinc/backends/cblas.cpp -o build/temp.linux-aarch64-cpython-312/thinc/backends/cblas.o -O3 -Wno-strict-prototypes -Wno-unused-function -std=c++11
[2024-07-02T04:32:09.349+0000] {process_utils.py:191} INFO -             error: command 'gcc' failed: Permission denied
[2024-07-02T04:32:09.349+0000] {process_utils.py:191} INFO -             [end of output]
[2024-07-02T04:32:09.349+0000] {process_utils.py:191} INFO - 
[2024-07-02T04:32:09.349+0000] {process_utils.py:191} INFO -         note: This error originates from a subprocess, and is likely not a problem with pip.
[2024-07-02T04:32:09.350+0000] {process_utils.py:191} INFO -         ERROR: Failed building wheel for thinc
[2024-07-02T04:32:09.350+0000] {process_utils.py:191} INFO -       Failed to build thinc
[2024-07-02T04:32:09.350+0000] {process_utils.py:191} INFO -       ERROR: Could not build wheels for thinc, which is required to install pyproject.toml-based projects
[2024-07-02T04:32:09.350+0000] {process_utils.py:191} INFO - 
[2024-07-02T04:32:09.350+0000] {process_utils.py:191} INFO -       [notice] A new release of pip is available: 24.0 -> 24.1.1
[2024-07-02T04:32:09.350+0000] {process_utils.py:191} INFO -       [notice] To update, run: python -m pip install --upgrade pip
[2024-07-02T04:32:09.351+0000] {process_utils.py:191} INFO -       [end of output]
[2024-07-02T04:32:09.351+0000] {process_utils.py:191} INFO - 
[2024-07-02T04:32:09.351+0000] {process_utils.py:191} INFO -   note: This error originates from a subprocess, and is likely not a problem with pip.
[2024-07-02T04:32:09.351+0000] {process_utils.py:191} INFO - error: subprocess-exited-with-error
[2024-07-02T04:32:09.351+0000] {process_utils.py:191} INFO - 
[2024-07-02T04:32:09.351+0000] {process_utils.py:191} INFO - × pip subprocess to install build dependencies did not run successfully.
[2024-07-02T04:32:09.352+0000] {process_utils.py:191} INFO - │ exit code: 1
[2024-07-02T04:32:09.352+0000] {process_utils.py:191} INFO - ╰─> See above for output.
[2024-07-02T04:32:09.352+0000] {process_utils.py:191} INFO - 
[2024-07-02T04:32:09.352+0000] {process_utils.py:191} INFO - note: This error originates from a subprocess, and is likely not a problem with pip.
[2024-07-02T04:32:09.352+0000] {process_utils.py:191} INFO - 
[2024-07-02T04:32:09.352+0000] {process_utils.py:191} INFO - [notice] A new release of pip is available: 24.0 -> 24.1.1
[2024-07-02T04:32:09.352+0000] {process_utils.py:191} INFO - [notice] To update, run: python -m pip install --upgrade pip
[2024-07-02T04:32:09.565+0000] {taskinstance.py:441} INFO - ::group::Post task execution logs
[2024-07-02T04:32:09.666+0000] {taskinstance.py:2905} ERROR - Task failed with exception
Traceback (most recent call last):
  File "/home/airflow/.local/lib/python3.12/site-packages/airflow/models/taskinstance.py", line 465, in _execute_task
    result = _execute_callable(context=context, **execute_callable_kwargs)
             ^^^^^^^^^^^^^^^^^^^^^^^^^^^^^^^^^^^^^^^^^^^^^^^^^^^^^^^^^^^^^
  File "/home/airflow/.local/lib/python3.12/site-packages/airflow/models/taskinstance.py", line 432, in _execute_callable
    return execute_callable(context=context, **execute_callable_kwargs)
           ^^^^^^^^^^^^^^^^^^^^^^^^^^^^^^^^^^^^^^^^^^^^^^^^^^^^^^^^^^^^
  File "/home/airflow/.local/lib/python3.12/site-packages/airflow/models/baseoperator.py", line 401, in wrapper
    return func(self, *args, **kwargs)
           ^^^^^^^^^^^^^^^^^^^^^^^^^^^
  File "/home/airflow/.local/lib/python3.12/site-packages/airflow/operators/python.py", line 437, in execute
    return super().execute(context=serializable_context)
           ^^^^^^^^^^^^^^^^^^^^^^^^^^^^^^^^^^^^^^^^^^^^^
  File "/home/airflow/.local/lib/python3.12/site-packages/airflow/models/baseoperator.py", line 401, in wrapper
    return func(self, *args, **kwargs)
           ^^^^^^^^^^^^^^^^^^^^^^^^^^^
  File "/home/airflow/.local/lib/python3.12/site-packages/airflow/operators/python.py", line 235, in execute
    return_value = self.execute_callable()
                   ^^^^^^^^^^^^^^^^^^^^^^^
  File "/home/airflow/.local/lib/python3.12/site-packages/airflow/operators/python.py", line 757, in execute_callable
    self._prepare_venv(tmp_path)
  File "/home/airflow/.local/lib/python3.12/site-packages/airflow/operators/python.py", line 669, in _prepare_venv
    prepare_virtualenv(
  File "/home/airflow/.local/lib/python3.12/site-packages/airflow/utils/python_virtualenv.py", line 119, in prepare_virtualenv
    execute_in_subprocess(pip_cmd)
  File "/home/airflow/.local/lib/python3.12/site-packages/airflow/utils/process_utils.py", line 172, in execute_in_subprocess
    execute_in_subprocess_with_kwargs(cmd, cwd=cwd)
  File "/home/airflow/.local/lib/python3.12/site-packages/airflow/utils/process_utils.py", line 195, in execute_in_subprocess_with_kwargs
    raise subprocess.CalledProcessError(exit_code, cmd)
subprocess.CalledProcessError: Command '['/tmp/venv0nx633mk/bin/pip', 'install', '-r', '/tmp/venv0nx633mk/requirements.txt']' returned non-zero exit status 1.
[2024-07-02T04:32:09.685+0000] {taskinstance.py:1206} INFO - Marking task as FAILED. dag_id=data-ingestion, task_id=ingest_from_mysql, run_id=manual__2024-07-02T04:26:12.503928+00:00, execution_date=20240702T042612, start_date=20240702T043152, end_date=20240702T043209
[2024-07-02T04:32:09.697+0000] {standard_task_runner.py:110} ERROR - Failed to execute job 20 for task ingest_from_mysql (Command '['/tmp/venv0nx633mk/bin/pip', 'install', '-r', '/tmp/venv0nx633mk/requirements.txt']' returned non-zero exit status 1.; 361)
[2024-07-02T04:32:09.715+0000] {local_task_job_runner.py:240} INFO - Task exited with return code 1
[2024-07-02T04:32:09.728+0000] {taskinstance.py:3503} INFO - 0 downstream tasks scheduled from follow-on schedule check
[2024-07-02T04:32:09.729+0000] {local_task_job_runner.py:222} INFO - ::endgroup::
