[2024-07-02T05:34:09.585+0000] {local_task_job_runner.py:120} INFO - ::group::Pre task execution logs
[2024-07-02T05:34:09.594+0000] {taskinstance.py:2076} INFO - Dependencies all met for dep_context=non-requeueable deps ti=<TaskInstance: data-ingestion.ingest_task manual__2024-07-02T05:23:33.107992+00:00 [queued]>
[2024-07-02T05:34:09.599+0000] {taskinstance.py:2076} INFO - Dependencies all met for dep_context=requeueable deps ti=<TaskInstance: data-ingestion.ingest_task manual__2024-07-02T05:23:33.107992+00:00 [queued]>
[2024-07-02T05:34:09.602+0000] {taskinstance.py:2306} INFO - Starting attempt 4 of 4
[2024-07-02T05:34:09.608+0000] {taskinstance.py:2330} INFO - Executing <Task(PythonVirtualenvOperator): ingest_task> on 2024-07-02 05:23:33.107992+00:00
[2024-07-02T05:34:09.613+0000] {logging_mixin.py:188} WARNING - /home/***/.local/lib/python3.12/site-packages/***/task/task_runner/standard_task_runner.py:61 DeprecationWarning: This process (pid=266) is multi-threaded, use of fork() may lead to deadlocks in the child.
[2024-07-02T05:34:09.613+0000] {standard_task_runner.py:63} INFO - Started process 270 to run task
[2024-07-02T05:34:09.613+0000] {standard_task_runner.py:90} INFO - Running: ['***', 'tasks', 'run', 'data-ingestion', 'ingest_task', 'manual__2024-07-02T05:23:33.107992+00:00', '--job-id', '34', '--raw', '--subdir', 'DAGS_FOLDER/data-ingestion.py', '--cfg-path', '/tmp/tmpsgmecojq']
[2024-07-02T05:34:09.614+0000] {standard_task_runner.py:91} INFO - Job 34: Subtask ingest_task
[2024-07-02T05:34:09.622+0000] {logging_mixin.py:188} WARNING - /home/***/.local/lib/python3.12/site-packages/***/settings.py:195 DeprecationWarning: The sql_alchemy_conn option in [core] has been moved to the sql_alchemy_conn option in [database] - the old setting has been used, but please update your config.
[2024-07-02T05:34:09.638+0000] {task_command.py:426} INFO - Running <TaskInstance: data-ingestion.ingest_task manual__2024-07-02T05:23:33.107992+00:00 [running]> on host ***-scheduler
[2024-07-02T05:34:09.685+0000] {taskinstance.py:2648} INFO - Exporting env vars: AIRFLOW_CTX_DAG_OWNER='***' AIRFLOW_CTX_DAG_ID='data-ingestion' AIRFLOW_CTX_TASK_ID='ingest_task' AIRFLOW_CTX_EXECUTION_DATE='2024-07-02T05:23:33.107992+00:00' AIRFLOW_CTX_TRY_NUMBER='4' AIRFLOW_CTX_DAG_RUN_ID='manual__2024-07-02T05:23:33.107992+00:00'
[2024-07-02T05:34:09.975+0000] {taskinstance.py:430} INFO - ::endgroup::
[2024-07-02T05:34:09.976+0000] {baseoperator.py:400} WARNING - PythonVirtualenvOperator.execute cannot be called outside TaskInstance!
[2024-07-02T05:34:09.977+0000] {process_utils.py:183} INFO - Executing cmd: /home/***/.local/bin/python -m virtualenv /tmp/venv2y3nxck2 --python=python
[2024-07-02T05:34:09.977+0000] {process_utils.py:187} INFO - Output:
[2024-07-02T05:34:10.904+0000] {process_utils.py:191} INFO - created virtual environment CPython3.12.4.final.0-64 in 493ms
[2024-07-02T05:34:10.904+0000] {process_utils.py:191} INFO -   creator CPython3Posix(dest=/tmp/venv2y3nxck2, clear=False, no_vcs_ignore=False, global=False)
[2024-07-02T05:34:10.905+0000] {process_utils.py:191} INFO -   seeder FromAppData(download=False, pip=bundle, via=copy, app_data_dir=/home/***/.local/share/virtualenv)
[2024-07-02T05:34:10.907+0000] {process_utils.py:191} INFO -     added seed packages: pip==24.0
[2024-07-02T05:34:10.911+0000] {process_utils.py:191} INFO -   activators BashActivator,CShellActivator,FishActivator,NushellActivator,PowerShellActivator,PythonActivator
[2024-07-02T05:34:10.931+0000] {process_utils.py:183} INFO - Executing cmd: /tmp/venv2y3nxck2/bin/pip install -r /tmp/venv2y3nxck2/requirements.txt
[2024-07-02T05:34:10.932+0000] {process_utils.py:187} INFO - Output:
[2024-07-02T05:34:12.297+0000] {process_utils.py:191} INFO - Collecting acryl-datahub (from -r /tmp/venv2y3nxck2/requirements.txt (line 1))
[2024-07-02T05:34:12.301+0000] {process_utils.py:191} INFO -   Using cached acryl_datahub-0.13.3-py3-none-any.whl.metadata (157 kB)
[2024-07-02T05:34:13.287+0000] {process_utils.py:191} INFO - Collecting termcolor>=1.0.0 (from acryl-datahub->-r /tmp/venv2y3nxck2/requirements.txt (line 1))
[2024-07-02T05:34:13.324+0000] {process_utils.py:191} INFO -   Downloading termcolor-2.4.0-py3-none-any.whl.metadata (6.1 kB)
[2024-07-02T05:34:13.338+0000] {process_utils.py:191} INFO - Collecting cached-property (from acryl-datahub->-r /tmp/venv2y3nxck2/requirements.txt (line 1))
[2024-07-02T05:34:13.341+0000] {process_utils.py:191} INFO -   Using cached cached_property-1.5.2-py2.py3-none-any.whl.metadata (11 kB)
[2024-07-02T05:34:13.363+0000] {process_utils.py:191} INFO - Collecting click>=7.1.2 (from acryl-datahub->-r /tmp/venv2y3nxck2/requirements.txt (line 1))
[2024-07-02T05:34:13.368+0000] {process_utils.py:191} INFO -   Downloading click-8.1.7-py3-none-any.whl.metadata (3.0 kB)
[2024-07-02T05:34:13.405+0000] {process_utils.py:191} INFO - Collecting jsonschema (from acryl-datahub->-r /tmp/venv2y3nxck2/requirements.txt (line 1))
[2024-07-02T05:34:13.410+0000] {process_utils.py:191} INFO -   Downloading jsonschema-4.22.0-py3-none-any.whl.metadata (8.2 kB)
[2024-07-02T05:34:13.435+0000] {process_utils.py:191} INFO - Collecting progressbar2 (from acryl-datahub->-r /tmp/venv2y3nxck2/requirements.txt (line 1))
[2024-07-02T05:34:13.436+0000] {process_utils.py:191} INFO -   Using cached progressbar2-4.4.2-py3-none-any.whl.metadata (17 kB)
[2024-07-02T05:34:13.448+0000] {process_utils.py:191} INFO - Collecting expandvars>=0.6.5 (from acryl-datahub->-r /tmp/venv2y3nxck2/requirements.txt (line 1))
[2024-07-02T05:34:13.449+0000] {process_utils.py:191} INFO -   Using cached expandvars-0.12.0-py3-none-any.whl.metadata (6.0 kB)
[2024-07-02T05:34:13.463+0000] {process_utils.py:191} INFO - Collecting jsonref (from acryl-datahub->-r /tmp/venv2y3nxck2/requirements.txt (line 1))
[2024-07-02T05:34:13.464+0000] {process_utils.py:191} INFO -   Using cached jsonref-1.1.0-py3-none-any.whl.metadata (2.7 kB)
[2024-07-02T05:34:13.476+0000] {process_utils.py:191} INFO - Collecting tabulate (from acryl-datahub->-r /tmp/venv2y3nxck2/requirements.txt (line 1))
[2024-07-02T05:34:13.483+0000] {process_utils.py:191} INFO -   Downloading tabulate-0.9.0-py3-none-any.whl.metadata (34 kB)
[2024-07-02T05:34:13.507+0000] {process_utils.py:191} INFO - Collecting mixpanel>=4.9.0 (from acryl-datahub->-r /tmp/venv2y3nxck2/requirements.txt (line 1))
[2024-07-02T05:34:13.509+0000] {process_utils.py:191} INFO -   Using cached mixpanel-4.10.1-py2.py3-none-any.whl.metadata (3.0 kB)
[2024-07-02T05:34:13.523+0000] {process_utils.py:191} INFO - Collecting python-dateutil>=2.8.0 (from acryl-datahub->-r /tmp/venv2y3nxck2/requirements.txt (line 1))
[2024-07-02T05:34:13.527+0000] {process_utils.py:191} INFO -   Downloading python_dateutil-2.9.0.post0-py2.py3-none-any.whl.metadata (8.4 kB)
[2024-07-02T05:34:13.608+0000] {process_utils.py:191} INFO - Collecting ijson (from acryl-datahub->-r /tmp/venv2y3nxck2/requirements.txt (line 1))
[2024-07-02T05:34:13.615+0000] {process_utils.py:191} INFO -   Downloading ijson-3.3.0-cp312-cp312-manylinux_2_17_aarch64.manylinux2014_aarch64.whl.metadata (21 kB)
[2024-07-02T05:34:13.720+0000] {process_utils.py:191} INFO - Collecting pydantic!=1.10.3,>=1.10.0 (from acryl-datahub->-r /tmp/venv2y3nxck2/requirements.txt (line 1))
[2024-07-02T05:34:13.729+0000] {process_utils.py:191} INFO -   Downloading pydantic-2.8.0-py3-none-any.whl.metadata (123 kB)
[2024-07-02T05:34:13.756+0000] {process_utils.py:191} INFO -      ━━━━━━━━━━━━━━━━━━━━━━━━━━━━━━━━━━━━━━━ 123.5/123.5 kB 4.9 MB/s eta 0:00:00
[2024-07-02T05:34:14.012+0000] {process_utils.py:191} INFO - Collecting aiohttp<4 (from acryl-datahub->-r /tmp/venv2y3nxck2/requirements.txt (line 1))
[2024-07-02T05:34:14.025+0000] {process_utils.py:191} INFO -   Downloading aiohttp-3.9.5-cp312-cp312-manylinux_2_17_aarch64.manylinux2014_aarch64.whl.metadata (7.5 kB)
[2024-07-02T05:34:14.093+0000] {process_utils.py:191} INFO - Collecting humanfriendly (from acryl-datahub->-r /tmp/venv2y3nxck2/requirements.txt (line 1))
[2024-07-02T05:34:14.100+0000] {process_utils.py:191} INFO -   Using cached humanfriendly-10.0-py2.py3-none-any.whl.metadata (9.2 kB)
[2024-07-02T05:34:14.113+0000] {process_utils.py:191} INFO - Collecting click-spinner (from acryl-datahub->-r /tmp/venv2y3nxck2/requirements.txt (line 1))
[2024-07-02T05:34:14.116+0000] {process_utils.py:191} INFO -   Using cached click_spinner-0.1.10-py2.py3-none-any.whl.metadata (1.5 kB)
[2024-07-02T05:34:14.147+0000] {process_utils.py:191} INFO - Collecting packaging (from acryl-datahub->-r /tmp/venv2y3nxck2/requirements.txt (line 1))
[2024-07-02T05:34:14.152+0000] {process_utils.py:191} INFO -   Downloading packaging-24.1-py3-none-any.whl.metadata (3.2 kB)
[2024-07-02T05:34:14.166+0000] {process_utils.py:191} INFO - Collecting typing-inspect (from acryl-datahub->-r /tmp/venv2y3nxck2/requirements.txt (line 1))
[2024-07-02T05:34:14.167+0000] {process_utils.py:191} INFO -   Using cached typing_inspect-0.9.0-py3-none-any.whl.metadata (1.5 kB)
[2024-07-02T05:34:14.203+0000] {process_utils.py:191} INFO - Collecting sentry-sdk (from acryl-datahub->-r /tmp/venv2y3nxck2/requirements.txt (line 1))
[2024-07-02T05:34:14.204+0000] {process_utils.py:191} INFO -   Using cached sentry_sdk-2.7.1-py2.py3-none-any.whl.metadata (14 kB)
[2024-07-02T05:34:14.217+0000] {process_utils.py:191} INFO - Collecting avro-gen3==0.7.13 (from acryl-datahub->-r /tmp/venv2y3nxck2/requirements.txt (line 1))
[2024-07-02T05:34:14.217+0000] {process_utils.py:191} INFO -   Using cached avro_gen3-0.7.13-py3-none-any.whl.metadata (8.3 kB)
[2024-07-02T05:34:14.230+0000] {process_utils.py:191} INFO - Collecting avro<1.12,>=1.11.3 (from acryl-datahub->-r /tmp/venv2y3nxck2/requirements.txt (line 1))
[2024-07-02T05:34:14.230+0000] {process_utils.py:191} INFO -   Using cached avro-1.11.3-py2.py3-none-any.whl
[2024-07-02T05:34:14.268+0000] {process_utils.py:191} INFO - Collecting PyYAML (from acryl-datahub->-r /tmp/venv2y3nxck2/requirements.txt (line 1))
[2024-07-02T05:34:14.272+0000] {process_utils.py:191} INFO -   Downloading PyYAML-6.0.1-cp312-cp312-manylinux_2_17_aarch64.manylinux2014_aarch64.whl.metadata (2.1 kB)
[2024-07-02T05:34:14.288+0000] {process_utils.py:191} INFO - Collecting Deprecated (from acryl-datahub->-r /tmp/venv2y3nxck2/requirements.txt (line 1))
[2024-07-02T05:34:14.294+0000] {process_utils.py:191} INFO -   Downloading Deprecated-1.2.14-py2.py3-none-any.whl.metadata (5.4 kB)
[2024-07-02T05:34:14.315+0000] {process_utils.py:191} INFO - Collecting docker (from acryl-datahub->-r /tmp/venv2y3nxck2/requirements.txt (line 1))
[2024-07-02T05:34:14.320+0000] {process_utils.py:191} INFO -   Downloading docker-7.1.0-py3-none-any.whl.metadata (3.8 kB)
[2024-07-02T05:34:14.342+0000] {process_utils.py:191} INFO - Collecting typing-extensions>=3.7.4.3 (from acryl-datahub->-r /tmp/venv2y3nxck2/requirements.txt (line 1))
[2024-07-02T05:34:14.350+0000] {process_utils.py:191} INFO -   Downloading typing_extensions-4.12.2-py3-none-any.whl.metadata (3.0 kB)
[2024-07-02T05:34:14.365+0000] {process_utils.py:191} INFO - Collecting toml>=0.10.0 (from acryl-datahub->-r /tmp/venv2y3nxck2/requirements.txt (line 1))
[2024-07-02T05:34:14.366+0000] {process_utils.py:191} INFO -   Using cached toml-0.10.2-py2.py3-none-any.whl.metadata (7.1 kB)
[2024-07-02T05:34:14.378+0000] {process_utils.py:191} INFO - Collecting requests-file (from acryl-datahub->-r /tmp/venv2y3nxck2/requirements.txt (line 1))
[2024-07-02T05:34:14.382+0000] {process_utils.py:191} INFO -   Using cached requests_file-2.1.0-py2.py3-none-any.whl.metadata (1.7 kB)
[2024-07-02T05:34:14.474+0000] {process_utils.py:191} INFO - Collecting psutil>=5.8.0 (from acryl-datahub->-r /tmp/venv2y3nxck2/requirements.txt (line 1))
[2024-07-02T05:34:14.481+0000] {process_utils.py:191} INFO -   Downloading psutil-6.0.0-cp36-abi3-manylinux_2_17_aarch64.manylinux2014_aarch64.whl.metadata (21 kB)
[2024-07-02T05:34:14.725+0000] {process_utils.py:191} INFO - Collecting ruamel.yaml (from acryl-datahub->-r /tmp/venv2y3nxck2/requirements.txt (line 1))
[2024-07-02T05:34:14.726+0000] {process_utils.py:191} INFO -   Using cached ruamel.yaml-0.18.6-py3-none-any.whl.metadata (23 kB)
[2024-07-02T05:34:14.747+0000] {process_utils.py:191} INFO - Collecting click-default-group (from acryl-datahub->-r /tmp/venv2y3nxck2/requirements.txt (line 1))
[2024-07-02T05:34:14.748+0000] {process_utils.py:191} INFO -   Using cached click_default_group-1.2.4-py2.py3-none-any.whl.metadata (2.8 kB)
[2024-07-02T05:34:14.778+0000] {process_utils.py:191} INFO - Collecting six (from avro-gen3==0.7.13->acryl-datahub->-r /tmp/venv2y3nxck2/requirements.txt (line 1))
[2024-07-02T05:34:14.796+0000] {process_utils.py:191} INFO -   Downloading six-1.16.0-py2.py3-none-any.whl.metadata (1.8 kB)
[2024-07-02T05:34:14.847+0000] {process_utils.py:191} INFO - Collecting aiosignal>=1.1.2 (from aiohttp<4->acryl-datahub->-r /tmp/venv2y3nxck2/requirements.txt (line 1))
[2024-07-02T05:34:14.875+0000] {process_utils.py:191} INFO -   Downloading aiosignal-1.3.1-py3-none-any.whl.metadata (4.0 kB)
[2024-07-02T05:34:14.923+0000] {process_utils.py:191} INFO - Collecting attrs>=17.3.0 (from aiohttp<4->acryl-datahub->-r /tmp/venv2y3nxck2/requirements.txt (line 1))
[2024-07-02T05:34:14.949+0000] {process_utils.py:191} INFO -   Downloading attrs-23.2.0-py3-none-any.whl.metadata (9.5 kB)
[2024-07-02T05:34:15.045+0000] {process_utils.py:191} INFO - Collecting frozenlist>=1.1.1 (from aiohttp<4->acryl-datahub->-r /tmp/venv2y3nxck2/requirements.txt (line 1))
[2024-07-02T05:34:15.071+0000] {process_utils.py:191} INFO -   Downloading frozenlist-1.4.1-cp312-cp312-manylinux_2_17_aarch64.manylinux2014_aarch64.whl.metadata (12 kB)
[2024-07-02T05:34:15.268+0000] {process_utils.py:191} INFO - Collecting multidict<7.0,>=4.5 (from aiohttp<4->acryl-datahub->-r /tmp/venv2y3nxck2/requirements.txt (line 1))
[2024-07-02T05:34:15.278+0000] {process_utils.py:191} INFO -   Downloading multidict-6.0.5-cp312-cp312-manylinux_2_17_aarch64.manylinux2014_aarch64.whl.metadata (4.2 kB)
[2024-07-02T05:34:15.442+0000] {process_utils.py:191} INFO - Collecting yarl<2.0,>=1.0 (from aiohttp<4->acryl-datahub->-r /tmp/venv2y3nxck2/requirements.txt (line 1))
[2024-07-02T05:34:15.453+0000] {process_utils.py:191} INFO -   Downloading yarl-1.9.4-cp312-cp312-manylinux_2_17_aarch64.manylinux2014_aarch64.whl.metadata (31 kB)
[2024-07-02T05:34:15.506+0000] {process_utils.py:191} INFO - Collecting requests>=2.4.2 (from mixpanel>=4.9.0->acryl-datahub->-r /tmp/venv2y3nxck2/requirements.txt (line 1))
[2024-07-02T05:34:15.513+0000] {process_utils.py:191} INFO -   Downloading requests-2.32.3-py3-none-any.whl.metadata (4.6 kB)
[2024-07-02T05:34:15.573+0000] {process_utils.py:191} INFO - Collecting urllib3 (from mixpanel>=4.9.0->acryl-datahub->-r /tmp/venv2y3nxck2/requirements.txt (line 1))
[2024-07-02T05:34:15.582+0000] {process_utils.py:191} INFO -   Downloading urllib3-2.2.2-py3-none-any.whl.metadata (6.4 kB)
[2024-07-02T05:34:15.607+0000] {process_utils.py:191} INFO - Collecting annotated-types>=0.4.0 (from pydantic!=1.10.3,>=1.10.0->acryl-datahub->-r /tmp/venv2y3nxck2/requirements.txt (line 1))
[2024-07-02T05:34:15.612+0000] {process_utils.py:191} INFO -   Downloading annotated_types-0.7.0-py3-none-any.whl.metadata (15 kB)
[2024-07-02T05:34:16.316+0000] {process_utils.py:191} INFO - Collecting pydantic-core==2.20.0 (from pydantic!=1.10.3,>=1.10.0->acryl-datahub->-r /tmp/venv2y3nxck2/requirements.txt (line 1))
[2024-07-02T05:34:16.329+0000] {process_utils.py:191} INFO -   Downloading pydantic_core-2.20.0-cp312-cp312-manylinux_2_17_aarch64.manylinux2014_aarch64.whl.metadata (6.6 kB)
[2024-07-02T05:34:16.567+0000] {process_utils.py:191} INFO - Collecting wrapt<2,>=1.10 (from Deprecated->acryl-datahub->-r /tmp/venv2y3nxck2/requirements.txt (line 1))
[2024-07-02T05:34:16.586+0000] {process_utils.py:191} INFO -   Downloading wrapt-1.16.0-cp312-cp312-manylinux_2_17_aarch64.manylinux2014_aarch64.whl.metadata (6.6 kB)
[2024-07-02T05:34:16.631+0000] {process_utils.py:191} INFO - Collecting jsonschema-specifications>=2023.03.6 (from jsonschema->acryl-datahub->-r /tmp/venv2y3nxck2/requirements.txt (line 1))
[2024-07-02T05:34:16.644+0000] {process_utils.py:191} INFO -   Downloading jsonschema_specifications-2023.12.1-py3-none-any.whl.metadata (3.0 kB)
[2024-07-02T05:34:16.719+0000] {process_utils.py:191} INFO - Collecting referencing>=0.28.4 (from jsonschema->acryl-datahub->-r /tmp/venv2y3nxck2/requirements.txt (line 1))
[2024-07-02T05:34:16.725+0000] {process_utils.py:191} INFO -   Downloading referencing-0.35.1-py3-none-any.whl.metadata (2.8 kB)
[2024-07-02T05:34:16.955+0000] {process_utils.py:191} INFO - Collecting rpds-py>=0.7.1 (from jsonschema->acryl-datahub->-r /tmp/venv2y3nxck2/requirements.txt (line 1))
[2024-07-02T05:34:16.967+0000] {process_utils.py:191} INFO -   Downloading rpds_py-0.18.1-cp312-cp312-manylinux_2_17_aarch64.manylinux2014_aarch64.whl.metadata (4.1 kB)
[2024-07-02T05:34:16.991+0000] {process_utils.py:191} INFO - Collecting python-utils>=3.8.1 (from progressbar2->acryl-datahub->-r /tmp/venv2y3nxck2/requirements.txt (line 1))
[2024-07-02T05:34:16.995+0000] {process_utils.py:191} INFO -   Using cached python_utils-3.8.2-py2.py3-none-any.whl.metadata (9.7 kB)
[2024-07-02T05:34:17.019+0000] {process_utils.py:191} INFO - Collecting ruamel.yaml.clib>=0.2.7 (from ruamel.yaml->acryl-datahub->-r /tmp/venv2y3nxck2/requirements.txt (line 1))
[2024-07-02T05:34:17.020+0000] {process_utils.py:191} INFO -   Using cached ruamel.yaml.clib-0.2.8-cp312-cp312-manylinux_2_24_aarch64.whl.metadata (2.2 kB)
[2024-07-02T05:34:17.083+0000] {process_utils.py:191} INFO - Collecting certifi (from sentry-sdk->acryl-datahub->-r /tmp/venv2y3nxck2/requirements.txt (line 1))
[2024-07-02T05:34:17.092+0000] {process_utils.py:191} INFO -   Downloading certifi-2024.6.2-py3-none-any.whl.metadata (2.2 kB)
[2024-07-02T05:34:17.114+0000] {process_utils.py:191} INFO - Collecting mypy-extensions>=0.3.0 (from typing-inspect->acryl-datahub->-r /tmp/venv2y3nxck2/requirements.txt (line 1))
[2024-07-02T05:34:17.118+0000] {process_utils.py:191} INFO -   Using cached mypy_extensions-1.0.0-py3-none-any.whl.metadata (1.1 kB)
[2024-07-02T05:34:17.226+0000] {process_utils.py:191} INFO - Collecting charset-normalizer<4,>=2 (from requests>=2.4.2->mixpanel>=4.9.0->acryl-datahub->-r /tmp/venv2y3nxck2/requirements.txt (line 1))
[2024-07-02T05:34:17.231+0000] {process_utils.py:191} INFO -   Downloading charset_normalizer-3.3.2-cp312-cp312-manylinux_2_17_aarch64.manylinux2014_aarch64.whl.metadata (33 kB)
[2024-07-02T05:34:17.259+0000] {process_utils.py:191} INFO - Collecting idna<4,>=2.5 (from requests>=2.4.2->mixpanel>=4.9.0->acryl-datahub->-r /tmp/venv2y3nxck2/requirements.txt (line 1))
[2024-07-02T05:34:17.263+0000] {process_utils.py:191} INFO -   Downloading idna-3.7-py3-none-any.whl.metadata (9.9 kB)
[2024-07-02T05:34:17.309+0000] {process_utils.py:191} INFO - Using cached acryl_datahub-0.13.3-py3-none-any.whl (1.8 MB)
[2024-07-02T05:34:17.324+0000] {process_utils.py:191} INFO - Using cached avro_gen3-0.7.13-py3-none-any.whl (27 kB)
[2024-07-02T05:34:17.329+0000] {process_utils.py:191} INFO - Downloading aiohttp-3.9.5-cp312-cp312-manylinux_2_17_aarch64.manylinux2014_aarch64.whl (1.3 MB)
[2024-07-02T05:34:17.681+0000] {process_utils.py:191} INFO -    ━━━━━━━━━━━━━━━━━━━━━━━━━━━━━━━━━━━━━━━━ 1.3/1.3 MB 3.8 MB/s eta 0:00:00
[2024-07-02T05:34:17.689+0000] {process_utils.py:191} INFO - Downloading click-8.1.7-py3-none-any.whl (97 kB)
[2024-07-02T05:34:17.732+0000] {process_utils.py:191} INFO -    ━━━━━━━━━━━━━━━━━━━━━━━━━━━━━━━━━━━━━━━━ 97.9/97.9 kB 2.2 MB/s eta 0:00:00
[2024-07-02T05:34:17.734+0000] {process_utils.py:191} INFO - Using cached expandvars-0.12.0-py3-none-any.whl (7.3 kB)
[2024-07-02T05:34:17.735+0000] {process_utils.py:191} INFO - Using cached mixpanel-4.10.1-py2.py3-none-any.whl (9.0 kB)
[2024-07-02T05:34:17.743+0000] {process_utils.py:191} INFO - Downloading psutil-6.0.0-cp36-abi3-manylinux_2_17_aarch64.manylinux2014_aarch64.whl (292 kB)
[2024-07-02T05:34:17.854+0000] {process_utils.py:191} INFO -    ━━━━━━━━━━━━━━━━━━━━━━━━━━━━━━━━━━━━━━━━ 292.0/292.0 kB 2.7 MB/s eta 0:00:00
[2024-07-02T05:34:17.866+0000] {process_utils.py:191} INFO - Downloading pydantic-2.8.0-py3-none-any.whl (423 kB)
[2024-07-02T05:34:18.311+0000] {process_utils.py:191} INFO -    ━━━━━━━━━━━━━━━━━━━━━━━━━━━━━━━━━━━━━━━ 423.1/423.1 kB 949.6 kB/s eta 0:00:00
[2024-07-02T05:34:18.327+0000] {process_utils.py:191} INFO - Downloading pydantic_core-2.20.0-cp312-cp312-manylinux_2_17_aarch64.manylinux2014_aarch64.whl (1.8 MB)
[2024-07-02T05:34:18.999+0000] {process_utils.py:191} INFO -    ━━━━━━━━━━━━━━━━━━━━━━━━━━━━━━━━━━━━━━━━ 1.8/1.8 MB 2.7 MB/s eta 0:00:00
[2024-07-02T05:34:19.010+0000] {process_utils.py:191} INFO - Downloading python_dateutil-2.9.0.post0-py2.py3-none-any.whl (229 kB)
[2024-07-02T05:34:19.113+0000] {process_utils.py:191} INFO -    ━━━━━━━━━━━━━━━━━━━━━━━━━━━━━━━━━━━━━━━━ 229.9/229.9 kB 2.4 MB/s eta 0:00:00
[2024-07-02T05:34:19.126+0000] {process_utils.py:191} INFO - Downloading termcolor-2.4.0-py3-none-any.whl (7.7 kB)
[2024-07-02T05:34:19.141+0000] {process_utils.py:191} INFO - Using cached toml-0.10.2-py2.py3-none-any.whl (16 kB)
[2024-07-02T05:34:19.151+0000] {process_utils.py:191} INFO - Downloading typing_extensions-4.12.2-py3-none-any.whl (37 kB)
[2024-07-02T05:34:19.170+0000] {process_utils.py:191} INFO - Using cached cached_property-1.5.2-py2.py3-none-any.whl (7.6 kB)
[2024-07-02T05:34:19.170+0000] {process_utils.py:191} INFO - Using cached click_default_group-1.2.4-py2.py3-none-any.whl (4.1 kB)
[2024-07-02T05:34:19.172+0000] {process_utils.py:191} INFO - Using cached click_spinner-0.1.10-py2.py3-none-any.whl (4.0 kB)
[2024-07-02T05:34:19.178+0000] {process_utils.py:191} INFO - Downloading Deprecated-1.2.14-py2.py3-none-any.whl (9.6 kB)
[2024-07-02T05:34:19.192+0000] {process_utils.py:191} INFO - Downloading docker-7.1.0-py3-none-any.whl (147 kB)
[2024-07-02T05:34:19.252+0000] {process_utils.py:191} INFO -    ━━━━━━━━━━━━━━━━━━━━━━━━━━━━━━━━━━━━━━━━ 147.8/147.8 kB 2.5 MB/s eta 0:00:00
[2024-07-02T05:34:19.253+0000] {process_utils.py:191} INFO - Using cached humanfriendly-10.0-py2.py3-none-any.whl (86 kB)
[2024-07-02T05:34:19.262+0000] {process_utils.py:191} INFO - Downloading ijson-3.3.0-cp312-cp312-manylinux_2_17_aarch64.manylinux2014_aarch64.whl (127 kB)
[2024-07-02T05:34:19.291+0000] {process_utils.py:191} INFO -    ━━━━━━━━━━━━━━━━━━━━━━━━━━━━━━━━━━━━━━━━ 127.4/127.4 kB 4.7 MB/s eta 0:00:00
[2024-07-02T05:34:19.293+0000] {process_utils.py:191} INFO - Using cached jsonref-1.1.0-py3-none-any.whl (9.4 kB)
[2024-07-02T05:34:19.299+0000] {process_utils.py:191} INFO - Downloading jsonschema-4.22.0-py3-none-any.whl (88 kB)
[2024-07-02T05:34:19.361+0000] {process_utils.py:191} INFO -    ━━━━━━━━━━━━━━━━━━━━━━━━━━━━━━━━━━━━━━━━ 88.3/88.3 kB 1.4 MB/s eta 0:00:00
[2024-07-02T05:34:19.371+0000] {process_utils.py:191} INFO - Downloading packaging-24.1-py3-none-any.whl (53 kB)
[2024-07-02T05:34:19.396+0000] {process_utils.py:191} INFO -    ━━━━━━━━━━━━━━━━━━━━━━━━━━━━━━━━━━━━━━━━ 54.0/54.0 kB 2.1 MB/s eta 0:00:00
[2024-07-02T05:34:19.397+0000] {process_utils.py:191} INFO - Using cached progressbar2-4.4.2-py3-none-any.whl (56 kB)
[2024-07-02T05:34:19.404+0000] {process_utils.py:191} INFO - Downloading PyYAML-6.0.1-cp312-cp312-manylinux_2_17_aarch64.manylinux2014_aarch64.whl (696 kB)
[2024-07-02T05:34:19.667+0000] {process_utils.py:191} INFO -    ━━━━━━━━━━━━━━━━━━━━━━━━━━━━━━━━━━━━━━━━ 696.9/696.9 kB 2.7 MB/s eta 0:00:00
[2024-07-02T05:34:19.669+0000] {process_utils.py:191} INFO - Using cached requests_file-2.1.0-py2.py3-none-any.whl (4.2 kB)
[2024-07-02T05:34:19.669+0000] {process_utils.py:191} INFO - Using cached ruamel.yaml-0.18.6-py3-none-any.whl (117 kB)
[2024-07-02T05:34:19.671+0000] {process_utils.py:191} INFO - Using cached sentry_sdk-2.7.1-py2.py3-none-any.whl (300 kB)
[2024-07-02T05:34:19.680+0000] {process_utils.py:191} INFO - Downloading tabulate-0.9.0-py3-none-any.whl (35 kB)
[2024-07-02T05:34:19.697+0000] {process_utils.py:191} INFO - Using cached typing_inspect-0.9.0-py3-none-any.whl (8.8 kB)
[2024-07-02T05:34:19.737+0000] {process_utils.py:191} INFO - Downloading aiosignal-1.3.1-py3-none-any.whl (7.6 kB)
[2024-07-02T05:34:19.762+0000] {process_utils.py:191} INFO - Downloading annotated_types-0.7.0-py3-none-any.whl (13 kB)
[2024-07-02T05:34:19.805+0000] {process_utils.py:191} INFO - Downloading attrs-23.2.0-py3-none-any.whl (60 kB)
[2024-07-02T05:34:19.842+0000] {process_utils.py:191} INFO -    ━━━━━━━━━━━━━━━━━━━━━━━━━━━━━━━━━━━━━━━━ 60.8/60.8 kB 1.5 MB/s eta 0:00:00
[2024-07-02T05:34:19.885+0000] {process_utils.py:191} INFO - Downloading frozenlist-1.4.1-cp312-cp312-manylinux_2_17_aarch64.manylinux2014_aarch64.whl (280 kB)
[2024-07-02T05:34:20.055+0000] {process_utils.py:191} INFO -    ━━━━━━━━━━━━━━━━━━━━━━━━━━━━━━━━━━━━━━━━ 280.7/280.7 kB 1.7 MB/s eta 0:00:00
[2024-07-02T05:34:20.071+0000] {process_utils.py:191} INFO - Downloading jsonschema_specifications-2023.12.1-py3-none-any.whl (18 kB)
[2024-07-02T05:34:20.107+0000] {process_utils.py:191} INFO - Downloading multidict-6.0.5-cp312-cp312-manylinux_2_17_aarch64.manylinux2014_aarch64.whl (129 kB)
[2024-07-02T05:34:20.138+0000] {process_utils.py:191} INFO -    ━━━━━━━━━━━━━━━━━━━━━━━━━━━━━━━━━━━━━━━━ 129.9/129.9 kB 4.7 MB/s eta 0:00:00
[2024-07-02T05:34:20.141+0000] {process_utils.py:191} INFO - Using cached mypy_extensions-1.0.0-py3-none-any.whl (4.7 kB)
[2024-07-02T05:34:20.145+0000] {process_utils.py:191} INFO - Using cached python_utils-3.8.2-py2.py3-none-any.whl (27 kB)
[2024-07-02T05:34:20.166+0000] {process_utils.py:191} INFO - Downloading referencing-0.35.1-py3-none-any.whl (26 kB)
[2024-07-02T05:34:20.195+0000] {process_utils.py:191} INFO - Downloading requests-2.32.3-py3-none-any.whl (64 kB)
[2024-07-02T05:34:20.220+0000] {process_utils.py:191} INFO -    ━━━━━━━━━━━━━━━━━━━━━━━━━━━━━━━━━━━━━━━━ 64.9/64.9 kB 2.6 MB/s eta 0:00:00
[2024-07-02T05:34:20.227+0000] {process_utils.py:191} INFO - Downloading certifi-2024.6.2-py3-none-any.whl (164 kB)
[2024-07-02T05:34:20.333+0000] {process_utils.py:191} INFO -    ━━━━━━━━━━━━━━━━━━━━━━━━━━━━━━━━━━━━━━━━ 164.4/164.4 kB 1.7 MB/s eta 0:00:00
[2024-07-02T05:34:20.340+0000] {process_utils.py:191} INFO - Downloading rpds_py-0.18.1-cp312-cp312-manylinux_2_17_aarch64.manylinux2014_aarch64.whl (1.1 MB)
[2024-07-02T05:34:20.751+0000] {process_utils.py:191} INFO -    ━━━━━━━━━━━━━━━━━━━━━━━━━━━━━━━━━━━━━━━━ 1.1/1.1 MB 2.7 MB/s eta 0:00:00
[2024-07-02T05:34:20.753+0000] {process_utils.py:191} INFO - Using cached ruamel.yaml.clib-0.2.8-cp312-cp312-manylinux_2_24_aarch64.whl (643 kB)
[2024-07-02T05:34:20.765+0000] {process_utils.py:191} INFO - Downloading six-1.16.0-py2.py3-none-any.whl (11 kB)
[2024-07-02T05:34:20.805+0000] {process_utils.py:191} INFO - Downloading urllib3-2.2.2-py3-none-any.whl (121 kB)
[2024-07-02T05:34:20.845+0000] {process_utils.py:191} INFO -    ━━━━━━━━━━━━━━━━━━━━━━━━━━━━━━━━━━━━━━━━ 121.4/121.4 kB 2.6 MB/s eta 0:00:00
[2024-07-02T05:34:20.852+0000] {process_utils.py:191} INFO - Downloading wrapt-1.16.0-cp312-cp312-manylinux_2_17_aarch64.manylinux2014_aarch64.whl (86 kB)
[2024-07-02T05:34:20.912+0000] {process_utils.py:191} INFO -    ━━━━━━━━━━━━━━━━━━━━━━━━━━━━━━━━━━━━━━━━ 86.3/86.3 kB 1.3 MB/s eta 0:00:00
[2024-07-02T05:34:20.924+0000] {process_utils.py:191} INFO - Downloading yarl-1.9.4-cp312-cp312-manylinux_2_17_aarch64.manylinux2014_aarch64.whl (317 kB)
[2024-07-02T05:34:21.041+0000] {process_utils.py:191} INFO -    ━━━━━━━━━━━━━━━━━━━━━━━━━━━━━━━━━━━━━━━━ 317.4/317.4 kB 2.7 MB/s eta 0:00:00
[2024-07-02T05:34:21.048+0000] {process_utils.py:191} INFO - Downloading charset_normalizer-3.3.2-cp312-cp312-manylinux_2_17_aarch64.manylinux2014_aarch64.whl (137 kB)
[2024-07-02T05:34:21.093+0000] {process_utils.py:191} INFO -    ━━━━━━━━━━━━━━━━━━━━━━━━━━━━━━━━━━━━━━━━ 137.3/137.3 kB 3.1 MB/s eta 0:00:00
[2024-07-02T05:34:21.099+0000] {process_utils.py:191} INFO - Downloading idna-3.7-py3-none-any.whl (66 kB)
[2024-07-02T05:34:21.125+0000] {process_utils.py:191} INFO -    ━━━━━━━━━━━━━━━━━━━━━━━━━━━━━━━━━━━━━━━━ 66.8/66.8 kB 2.9 MB/s eta 0:00:00
[2024-07-02T05:34:22.358+0000] {process_utils.py:191} INFO - Installing collected packages: ijson, click-spinner, cached-property, wrapt, urllib3, typing-extensions, toml, termcolor, tabulate, six, ruamel.yaml.clib, rpds-py, PyYAML, psutil, packaging, mypy-extensions, multidict, jsonref, idna, humanfriendly, frozenlist, expandvars, click, charset-normalizer, certifi, avro, attrs, annotated-types, yarl, typing-inspect, sentry-sdk, ruamel.yaml, requests, referencing, python-utils, python-dateutil, pydantic-core, Deprecated, click-default-group, avro-gen3, aiosignal, requests-file, pydantic, progressbar2, mixpanel, jsonschema-specifications, docker, aiohttp, jsonschema, acryl-datahub
[2024-07-02T05:34:25.386+0000] {process_utils.py:191} INFO - Successfully installed Deprecated-1.2.14 PyYAML-6.0.1 acryl-datahub-0.13.3 aiohttp-3.9.5 aiosignal-1.3.1 annotated-types-0.7.0 attrs-23.2.0 avro-1.11.3 avro-gen3-0.7.13 cached-property-1.5.2 certifi-2024.6.2 charset-normalizer-3.3.2 click-8.1.7 click-default-group-1.2.4 click-spinner-0.1.10 docker-7.1.0 expandvars-0.12.0 frozenlist-1.4.1 humanfriendly-10.0 idna-3.7 ijson-3.3.0 jsonref-1.1.0 jsonschema-4.22.0 jsonschema-specifications-2023.12.1 mixpanel-4.10.1 multidict-6.0.5 mypy-extensions-1.0.0 packaging-24.1 progressbar2-4.4.2 psutil-6.0.0 pydantic-2.8.0 pydantic-core-2.20.0 python-dateutil-2.9.0.post0 python-utils-3.8.2 referencing-0.35.1 requests-2.32.3 requests-file-2.1.0 rpds-py-0.18.1 ruamel.yaml-0.18.6 ruamel.yaml.clib-0.2.8 sentry-sdk-2.7.1 six-1.16.0 tabulate-0.9.0 termcolor-2.4.0 toml-0.10.2 typing-extensions-4.12.2 typing-inspect-0.9.0 urllib3-2.2.2 wrapt-1.16.0 yarl-1.9.4
[2024-07-02T05:34:25.520+0000] {process_utils.py:191} INFO - 
[2024-07-02T05:34:25.520+0000] {process_utils.py:191} INFO - [notice] A new release of pip is available: 24.0 -> 24.1.1
[2024-07-02T05:34:25.522+0000] {process_utils.py:191} INFO - [notice] To update, run: python -m pip install --upgrade pip
[2024-07-02T05:34:26.011+0000] {process_utils.py:183} INFO - Executing cmd: /tmp/venv2y3nxck2/bin/python /tmp/venv-call7orqu6r4/script.py /tmp/venv-call7orqu6r4/script.in /tmp/venv-call7orqu6r4/script.out /tmp/venv-call7orqu6r4/string_args.txt /tmp/venv-call7orqu6r4/termination.log
[2024-07-02T05:34:26.013+0000] {process_utils.py:187} INFO - Output:
[2024-07-02T05:34:26.025+0000] {process_utils.py:191} INFO -   File "/tmp/venv-call7orqu6r4/script.py", line 49
[2024-07-02T05:34:26.025+0000] {process_utils.py:191} INFO -     unusual_prefix_50923f202a1be2ffe879bd287c2681623b93c2bb_data-ingestion  = types.ModuleType("unusual_prefix_50923f202a1be2ffe879bd287c2681623b93c2bb_data-ingestion")
[2024-07-02T05:34:26.026+0000] {process_utils.py:191} INFO -     ^^^^^^^^^^^^^^^^^^^^^^^^^^^^^^^^^^^^^^^^^^^^^^^^^^^^^^^^^^^^^^^^^^^^^^
[2024-07-02T05:34:26.026+0000] {process_utils.py:191} INFO - SyntaxError: cannot assign to expression here. Maybe you meant '==' instead of '='?
[2024-07-02T05:34:26.098+0000] {taskinstance.py:441} INFO - ::group::Post task execution logs
[2024-07-02T05:34:26.224+0000] {taskinstance.py:2905} ERROR - Task failed with exception
Traceback (most recent call last):
  File "/home/airflow/.local/lib/python3.12/site-packages/airflow/models/taskinstance.py", line 465, in _execute_task
    result = _execute_callable(context=context, **execute_callable_kwargs)
             ^^^^^^^^^^^^^^^^^^^^^^^^^^^^^^^^^^^^^^^^^^^^^^^^^^^^^^^^^^^^^
  File "/home/airflow/.local/lib/python3.12/site-packages/airflow/models/taskinstance.py", line 432, in _execute_callable
    return execute_callable(context=context, **execute_callable_kwargs)
           ^^^^^^^^^^^^^^^^^^^^^^^^^^^^^^^^^^^^^^^^^^^^^^^^^^^^^^^^^^^^
  File "/home/airflow/.local/lib/python3.12/site-packages/airflow/models/baseoperator.py", line 401, in wrapper
    return func(self, *args, **kwargs)
           ^^^^^^^^^^^^^^^^^^^^^^^^^^^
  File "/home/airflow/.local/lib/python3.12/site-packages/airflow/operators/python.py", line 437, in execute
    return super().execute(context=serializable_context)
           ^^^^^^^^^^^^^^^^^^^^^^^^^^^^^^^^^^^^^^^^^^^^^
  File "/home/airflow/.local/lib/python3.12/site-packages/airflow/models/baseoperator.py", line 401, in wrapper
    return func(self, *args, **kwargs)
           ^^^^^^^^^^^^^^^^^^^^^^^^^^^
  File "/home/airflow/.local/lib/python3.12/site-packages/airflow/operators/python.py", line 235, in execute
    return_value = self.execute_callable()
                   ^^^^^^^^^^^^^^^^^^^^^^^
  File "/home/airflow/.local/lib/python3.12/site-packages/airflow/operators/python.py", line 759, in execute_callable
    result = self._execute_python_callable_in_subprocess(python_path)
             ^^^^^^^^^^^^^^^^^^^^^^^^^^^^^^^^^^^^^^^^^^^^^^^^^^^^^^^^
  File "/home/airflow/.local/lib/python3.12/site-packages/airflow/operators/python.py", line 497, in _execute_python_callable_in_subprocess
    execute_in_subprocess(
  File "/home/airflow/.local/lib/python3.12/site-packages/airflow/utils/process_utils.py", line 172, in execute_in_subprocess
    execute_in_subprocess_with_kwargs(cmd, cwd=cwd)
  File "/home/airflow/.local/lib/python3.12/site-packages/airflow/utils/process_utils.py", line 195, in execute_in_subprocess_with_kwargs
    raise subprocess.CalledProcessError(exit_code, cmd)
subprocess.CalledProcessError: Command '['/tmp/venv2y3nxck2/bin/python', '/tmp/venv-call7orqu6r4/script.py', '/tmp/venv-call7orqu6r4/script.in', '/tmp/venv-call7orqu6r4/script.out', '/tmp/venv-call7orqu6r4/string_args.txt', '/tmp/venv-call7orqu6r4/termination.log']' returned non-zero exit status 1.
[2024-07-02T05:34:26.245+0000] {taskinstance.py:1206} INFO - Marking task as FAILED. dag_id=data-ingestion, task_id=ingest_task, run_id=manual__2024-07-02T05:23:33.107992+00:00, execution_date=20240702T052333, start_date=20240702T053409, end_date=20240702T053426
[2024-07-02T05:34:26.264+0000] {standard_task_runner.py:110} ERROR - Failed to execute job 34 for task ingest_task (Command '['/tmp/venv2y3nxck2/bin/python', '/tmp/venv-call7orqu6r4/script.py', '/tmp/venv-call7orqu6r4/script.in', '/tmp/venv-call7orqu6r4/script.out', '/tmp/venv-call7orqu6r4/string_args.txt', '/tmp/venv-call7orqu6r4/termination.log']' returned non-zero exit status 1.; 270)
[2024-07-02T05:34:26.296+0000] {local_task_job_runner.py:240} INFO - Task exited with return code 1
[2024-07-02T05:34:26.306+0000] {taskinstance.py:3503} INFO - 0 downstream tasks scheduled from follow-on schedule check
[2024-07-02T05:34:26.307+0000] {local_task_job_runner.py:222} INFO - ::endgroup::
